[error][2015-01-13 16:58:06-72051300] database exception happens while execute sql, error_msg:ErrorMsg:MySQL Query Error
SQL:delete from clan_item_0 where 1=1  AND data_id=0
Error: 'Table \'herotower.clan_item_0\' doesn\'t exist'
Errno: 1146
[error][2015-01-13 16:58:06-73751400] and the stack trace is as below:
#0 E:\workSpace\MyWeb\project\HeroTowerServer\framework\database\drivers\MooMySQL.class.php(98): MooMySQL->errorMsg('MySQL Query Err...', 'delete from cla...')
#1 E:\workSpace\MyWeb\project\HeroTowerServer\framework\database\DBHelper2.class.php(130): MooMySQL->query('delete from cla...')
#2 E:\workSpace\MyWeb\project\HeroTowerServer\framework\db\request\TCDeleteRequest.class.php(22): DBHelper2->executeNonQuery('delete from cla...')
#3 E:\workSpace\MyWeb\project\HeroTowerServer\libgame\model\ManagerBase.class.php(157): TCDeleteRequest->execute()
#4 E:\workSpace\MyWeb\project\HeroTowerServer\libgame\model\ClanItemManager.class.php(193): ManagerBase->deleteFromDb(0, Array)
#5 E:\workSpace\MyWeb\project\HeroTowerServer\libgame\model\ClanManager.class.php(100): ClanItemManager->deleteClanItems()
#6 E:\workSpace\MyWeb\project\HeroTowerServer\libgame\actions\clan\DissolveClan.php(19): ClanManager->deleteClan(1001)
#7 E:\workSpace\MyWeb\project\HeroTowerServer\libgame\actions\GameActionBase.class.php(146): DissolveClan->_exec()
#8 E:\workSpace\MyWeb\project\HeroTowerServer\framework\action\ActionInvoker.class.php(54): GameActionBase->execute(Array)
#9 E:\workSpace\MyWeb\project\HeroTowerServer\data\services\common.php(92): ActionInvoker->invoke('clan', 'DissolveClan', Array)
#10 E:\workSpace\MyWeb\project\HeroTowerServer\data\services\BaseCommand.php(14): API_Base->invoke('callCommand', 'clan', 'DissolveClan', Array)
#11 [internal function]: BaseCommand->callCommand(Array)
#12 E:\workSpace\MyWeb\project\HeroTowerServer\framework\protocal\amf\core\shared\app\php5Executive.php(127): call_user_func_array(Array, Array)
#13 E:\workSpace\MyWeb\project\HeroTowerServer\framework\protocal\amf\core\shared\app\php5Executive.php(59): Executive::deferredMethodCall(Object(MessageBody), Object(BaseCommand), 'callCommand', Array)
#14 E:\workSpace\MyWeb\project\HeroTowerServer\framework\protocal\amf\core\amf\app\Actions.php(198): Executive::doMethodCall(Object(MessageBody), Object(BaseCommand), 'callCommand', Array)
#15 E:\workSpace\MyWeb\project\HeroTowerServer\framework\protocal\amf\core\amf\app\Filters.php(142): executionAction(Object(MessageBody))
#16 E:\workSpace\MyWeb\project\HeroTowerServer\framework\protocal\amf\core\amf\app\Gateway.php(177): batchProcessFilter(Object(AMFObject))
#17 E:\workSpace\MyWeb\project\HeroTowerServer\data\gateway.php(160): Gateway->service()
#18 {main}
[error][2015-01-13 17:02:27-17341000] game exception happens while execute action:INFO[gameuid=1,code:1011]	message:INFO[gameuid=1,code:1011]	message:there is no this clan 1001
[error][2015-01-13 17:02:36-67795400] game exception happens while execute action:INFO[gameuid=1,code:1011]	message:INFO[gameuid=1,code:1011]	message:there is no this clan 1001
