[error][2015-01-06 23:16:13-94601200] game exception happens while execute action:INFO[gameuid=1,code:1011]	message:INFO[gameuid=1,code:1011]	message:user 11 do not have clan 1001
[error][2015-01-06 23:16:22-79179700] game exception happens while execute action:INFO[gameuid=1,code:1011]	message:INFO[gameuid=1,code:1011]	message:user 11 do not have clan 1001
[error][2015-01-06 23:18:07-19811100] database exception happens while execute sql, error_msg:ErrorMsg:MySQL Query Error
SQL:UPDATE clan_info_1 SET data_id='1001',name='1001',adminId='11',boss='',level='0',members='Array',admin='Array',clanMessage='nothing' WHERE 1=1  AND data_id=1001
Error: 'Unknown column \'members\' in \'field list\''
Errno: 1054
[error][2015-01-06 23:18:07-19891700] and the stack trace is as below:
#0 E:\workSpace\phpworkspace\HeroTowerServer\framework\database\drivers\MooMySQL.class.php(98): MooMySQL->errorMsg('MySQL Query Err...', 'UPDATE clan_inf...')
#1 E:\workSpace\phpworkspace\HeroTowerServer\framework\database\DBHelper2.class.php(119): MooMySQL->query('UPDATE clan_inf...')
#2 E:\workSpace\phpworkspace\HeroTowerServer\framework\database\DBHelper2.class.php(314): DBHelper2->query('UPDATE clan_inf...')
#3 E:\workSpace\phpworkspace\HeroTowerServer\framework\db\request\TCUpdateRequest.class.php(88): DBHelper2->updatetable('clan_info_1', Array, '1=1  AND data_i...')
#4 E:\workSpace\phpworkspace\HeroTowerServer\framework\db\request\TCUpdateRequest.class.php(53): TCUpdateRequest->updateDb()
#5 E:\workSpace\phpworkspace\HeroTowerServer\libgame\model\ManagerBase.class.php(79): TCUpdateRequest->execute()
#6 E:\workSpace\phpworkspace\HeroTowerServer\libgame\model\ClanManager.class.php(80): ManagerBase->updateDB(1001, Array, Array)
#7 E:\workSpace\phpworkspace\HeroTowerServer\libgame\actions\clan\EditClanInfo.php(20): ClanManager->updateClanInfo(1001, Array)
#8 E:\workSpace\phpworkspace\HeroTowerServer\libgame\actions\GameActionBase.class.php(146): EditClanInfo->_exec()
#9 E:\workSpace\phpworkspace\HeroTowerServer\framework\action\ActionInvoker.class.php(54): GameActionBase->execute(Array)
#10 E:\workSpace\phpworkspace\HeroTowerServer\data\services\common.php(92): ActionInvoker->invoke('clan', 'EditClanInfo', Array)
#11 E:\workSpace\phpworkspace\HeroTowerServer\data\services\BaseCommand.php(14): API_Base->invoke('callCommand', 'clan', 'EditClanInfo', Array)
#12 [internal function]: BaseCommand->callCommand(Array)
#13 E:\workSpace\phpworkspace\HeroTowerServer\framework\protocal\amf\core\shared\app\php5Executive.php(127): call_user_func_array(Array, Array)
#14 E:\workSpace\phpworkspace\HeroTowerServer\framework\protocal\amf\core\shared\app\php5Executive.php(59): Executive::deferredMethodCall(Object(MessageBody), Object(BaseCommand), 'callCommand', Array)
#15 E:\workSpace\phpworkspace\HeroTowerServer\framework\protocal\amf\core\amf\app\Actions.php(198): Executive::doMethodCall(Object(MessageBody), Object(BaseCommand), 'callCommand', Array)
#16 E:\workSpace\phpworkspace\HeroTowerServer\framework\protocal\amf\core\amf\app\Filters.php(142): executionAction(Object(MessageBody))
#17 E:\workSpace\phpworkspace\HeroTowerServer\framework\protocal\amf\core\amf\app\Gateway.php(177): batchProcessFilter(Object(AMFObject))
#18 E:\workSpace\phpworkspace\HeroTowerServer\data\gateway.php(160): Gateway->service()
#19 {main}
[error][2015-01-06 23:37:27-18274300] database exception happens while execute sql, error_msg:ErrorMsg:MySQL Query Error
SQL:UPDATE clan_info_1 SET data_id='1001',name='1001',adminId='11',boss='',level='0',members='Array',admin='Array',clanMessage='nothing11' WHERE 1=1  AND data_id=1001
Error: 'Unknown column \'members\' in \'field list\''
Errno: 1054
[error][2015-01-06 23:37:27-19568500] and the stack trace is as below:
#0 E:\workSpace\phpworkspace\HeroTowerServer\framework\database\drivers\MooMySQL.class.php(98): MooMySQL->errorMsg('MySQL Query Err...', 'UPDATE clan_inf...')
#1 E:\workSpace\phpworkspace\HeroTowerServer\framework\database\DBHelper2.class.php(119): MooMySQL->query('UPDATE clan_inf...')
#2 E:\workSpace\phpworkspace\HeroTowerServer\framework\database\DBHelper2.class.php(314): DBHelper2->query('UPDATE clan_inf...')
#3 E:\workSpace\phpworkspace\HeroTowerServer\framework\db\request\TCUpdateRequest.class.php(88): DBHelper2->updatetable('clan_info_1', Array, '1=1  AND data_i...')
#4 E:\workSpace\phpworkspace\HeroTowerServer\framework\db\request\TCUpdateRequest.class.php(53): TCUpdateRequest->updateDb()
#5 E:\workSpace\phpworkspace\HeroTowerServer\libgame\model\ManagerBase.class.php(79): TCUpdateRequest->execute()
#6 E:\workSpace\phpworkspace\HeroTowerServer\libgame\model\ClanManager.class.php(80): ManagerBase->updateDB(1001, Array, Array)
#7 E:\workSpace\phpworkspace\HeroTowerServer\libgame\actions\clan\EditClanInfo.php(20): ClanManager->updateClanInfo(1001, Array)
#8 E:\workSpace\phpworkspace\HeroTowerServer\libgame\actions\GameActionBase.class.php(146): EditClanInfo->_exec()
#9 E:\workSpace\phpworkspace\HeroTowerServer\framework\action\ActionInvoker.class.php(54): GameActionBase->execute(Array)
#10 E:\workSpace\phpworkspace\HeroTowerServer\data\services\common.php(92): ActionInvoker->invoke('clan', 'EditClanInfo', Array)
#11 E:\workSpace\phpworkspace\HeroTowerServer\data\services\BaseCommand.php(14): API_Base->invoke('callCommand', 'clan', 'EditClanInfo', Array)
#12 [internal function]: BaseCommand->callCommand(Array)
#13 E:\workSpace\phpworkspace\HeroTowerServer\framework\protocal\amf\core\shared\app\php5Executive.php(127): call_user_func_array(Array, Array)
#14 E:\workSpace\phpworkspace\HeroTowerServer\framework\protocal\amf\core\shared\app\php5Executive.php(59): Executive::deferredMethodCall(Object(MessageBody), Object(BaseCommand), 'callCommand', Array)
#15 E:\workSpace\phpworkspace\HeroTowerServer\framework\protocal\amf\core\amf\app\Actions.php(198): Executive::doMethodCall(Object(MessageBody), Object(BaseCommand), 'callCommand', Array)
#16 E:\workSpace\phpworkspace\HeroTowerServer\framework\protocal\amf\core\amf\app\Filters.php(142): executionAction(Object(MessageBody))
#17 E:\workSpace\phpworkspace\HeroTowerServer\framework\protocal\amf\core\amf\app\Gateway.php(177): batchProcessFilter(Object(AMFObject))
#18 E:\workSpace\phpworkspace\HeroTowerServer\data\gateway.php(160): Gateway->service()
#19 {main}
[error][2015-01-06 23:42:30-86490500] database exception happens while execute sql, error_msg:ErrorMsg:MySQL Query Error
SQL:UPDATE clan_info_1 SET data_id='1001',name='1001',adminId='11',boss='',level='0',members='Array',admin='Array',clanMessage='nothing11' WHERE 1=1  AND data_id=1001
Error: 'Unknown column \'members\' in \'field list\''
Errno: 1054
[error][2015-01-06 23:42:30-86559100] and the stack trace is as below:
#0 E:\workSpace\phpworkspace\HeroTowerServer\framework\database\drivers\MooMySQL.class.php(98): MooMySQL->errorMsg('MySQL Query Err...', 'UPDATE clan_inf...')
#1 E:\workSpace\phpworkspace\HeroTowerServer\framework\database\DBHelper2.class.php(119): MooMySQL->query('UPDATE clan_inf...')
#2 E:\workSpace\phpworkspace\HeroTowerServer\framework\database\DBHelper2.class.php(314): DBHelper2->query('UPDATE clan_inf...')
#3 E:\workSpace\phpworkspace\HeroTowerServer\framework\db\request\TCUpdateRequest.class.php(88): DBHelper2->updatetable('clan_info_1', Array, '1=1  AND data_i...')
#4 E:\workSpace\phpworkspace\HeroTowerServer\framework\db\request\TCUpdateRequest.class.php(53): TCUpdateRequest->updateDb()
#5 E:\workSpace\phpworkspace\HeroTowerServer\libgame\model\ManagerBase.class.php(79): TCUpdateRequest->execute()
#6 E:\workSpace\phpworkspace\HeroTowerServer\libgame\model\ClanManager.class.php(80): ManagerBase->updateDB(1001, Array, Array)
#7 E:\workSpace\phpworkspace\HeroTowerServer\libgame\actions\clan\EditClanInfo.php(20): ClanManager->updateClanInfo(1001, Array)
#8 E:\workSpace\phpworkspace\HeroTowerServer\libgame\actions\GameActionBase.class.php(146): EditClanInfo->_exec()
#9 E:\workSpace\phpworkspace\HeroTowerServer\framework\action\ActionInvoker.class.php(54): GameActionBase->execute(Array)
#10 E:\workSpace\phpworkspace\HeroTowerServer\data\services\common.php(92): ActionInvoker->invoke('clan', 'EditClanInfo', Array)
#11 E:\workSpace\phpworkspace\HeroTowerServer\data\services\BaseCommand.php(14): API_Base->invoke('callCommand', 'clan', 'EditClanInfo', Array)
#12 [internal function]: BaseCommand->callCommand(Array)
#13 E:\workSpace\phpworkspace\HeroTowerServer\framework\protocal\amf\core\shared\app\php5Executive.php(127): call_user_func_array(Array, Array)
#14 E:\workSpace\phpworkspace\HeroTowerServer\framework\protocal\amf\core\shared\app\php5Executive.php(59): Executive::deferredMethodCall(Object(MessageBody), Object(BaseCommand), 'callCommand', Array)
#15 E:\workSpace\phpworkspace\HeroTowerServer\framework\protocal\amf\core\amf\app\Actions.php(198): Executive::doMethodCall(Object(MessageBody), Object(BaseCommand), 'callCommand', Array)
#16 E:\workSpace\phpworkspace\HeroTowerServer\framework\protocal\amf\core\amf\app\Filters.php(142): executionAction(Object(MessageBody))
#17 E:\workSpace\phpworkspace\HeroTowerServer\framework\protocal\amf\core\amf\app\Gateway.php(177): batchProcessFilter(Object(AMFObject))
#18 E:\workSpace\phpworkspace\HeroTowerServer\data\gateway.php(160): Gateway->service()
#19 {main}
[error][2015-01-06 23:42:49-82233700] database exception happens while execute sql, error_msg:ErrorMsg:MySQL Query Error
SQL:UPDATE clan_info_1 SET data_id='1001',name='1001',adminId='11',boss='',level='0',members='Array',admin='Array',clanMessage='nothing11' WHERE 1=1  AND data_id=1001
Error: 'Unknown column \'members\' in \'field list\''
Errno: 1054
[error][2015-01-06 23:42:49-82314900] and the stack trace is as below:
#0 E:\workSpace\phpworkspace\HeroTowerServer\framework\database\drivers\MooMySQL.class.php(98): MooMySQL->errorMsg('MySQL Query Err...', 'UPDATE clan_inf...')
#1 E:\workSpace\phpworkspace\HeroTowerServer\framework\database\DBHelper2.class.php(119): MooMySQL->query('UPDATE clan_inf...')
#2 E:\workSpace\phpworkspace\HeroTowerServer\framework\database\DBHelper2.class.php(314): DBHelper2->query('UPDATE clan_inf...')
#3 E:\workSpace\phpworkspace\HeroTowerServer\framework\db\request\TCUpdateRequest.class.php(88): DBHelper2->updatetable('clan_info_1', Array, '1=1  AND data_i...')
#4 E:\workSpace\phpworkspace\HeroTowerServer\framework\db\request\TCUpdateRequest.class.php(53): TCUpdateRequest->updateDb()
#5 E:\workSpace\phpworkspace\HeroTowerServer\libgame\model\ManagerBase.class.php(79): TCUpdateRequest->execute()
#6 E:\workSpace\phpworkspace\HeroTowerServer\libgame\model\ClanManager.class.php(80): ManagerBase->updateDB(1001, Array, Array)
#7 E:\workSpace\phpworkspace\HeroTowerServer\libgame\actions\clan\EditClanInfo.php(20): ClanManager->updateClanInfo(1001, Array)
#8 E:\workSpace\phpworkspace\HeroTowerServer\libgame\actions\GameActionBase.class.php(146): EditClanInfo->_exec()
#9 E:\workSpace\phpworkspace\HeroTowerServer\framework\action\ActionInvoker.class.php(54): GameActionBase->execute(Array)
#10 E:\workSpace\phpworkspace\HeroTowerServer\data\services\common.php(92): ActionInvoker->invoke('clan', 'EditClanInfo', Array)
#11 E:\workSpace\phpworkspace\HeroTowerServer\data\services\BaseCommand.php(14): API_Base->invoke('callCommand', 'clan', 'EditClanInfo', Array)
#12 [internal function]: BaseCommand->callCommand(Array)
#13 E:\workSpace\phpworkspace\HeroTowerServer\framework\protocal\amf\core\shared\app\php5Executive.php(127): call_user_func_array(Array, Array)
#14 E:\workSpace\phpworkspace\HeroTowerServer\framework\protocal\amf\core\shared\app\php5Executive.php(59): Executive::deferredMethodCall(Object(MessageBody), Object(BaseCommand), 'callCommand', Array)
#15 E:\workSpace\phpworkspace\HeroTowerServer\framework\protocal\amf\core\amf\app\Actions.php(198): Executive::doMethodCall(Object(MessageBody), Object(BaseCommand), 'callCommand', Array)
#16 E:\workSpace\phpworkspace\HeroTowerServer\framework\protocal\amf\core\amf\app\Filters.php(142): executionAction(Object(MessageBody))
#17 E:\workSpace\phpworkspace\HeroTowerServer\framework\protocal\amf\core\amf\app\Gateway.php(177): batchProcessFilter(Object(AMFObject))
#18 E:\workSpace\phpworkspace\HeroTowerServer\data\gateway.php(160): Gateway->service()
#19 {main}
[error][2015-01-06 23:44:07-79506300] database exception happens while execute sql, error_msg:ErrorMsg:MySQL Query Error
SQL:UPDATE clan_info_1 SET data_id='1001',name='1001',adminId='11',clanMessage='nothing11',boss='',level='0',members='Array',admin='Array' WHERE 1=1  AND data_id=1001
Error: 'Unknown column \'members\' in \'field list\''
Errno: 1054
[error][2015-01-06 23:44:07-79571300] and the stack trace is as below:
#0 E:\workSpace\phpworkspace\HeroTowerServer\framework\database\drivers\MooMySQL.class.php(98): MooMySQL->errorMsg('MySQL Query Err...', 'UPDATE clan_inf...')
#1 E:\workSpace\phpworkspace\HeroTowerServer\framework\database\DBHelper2.class.php(119): MooMySQL->query('UPDATE clan_inf...')
#2 E:\workSpace\phpworkspace\HeroTowerServer\framework\database\DBHelper2.class.php(314): DBHelper2->query('UPDATE clan_inf...')
#3 E:\workSpace\phpworkspace\HeroTowerServer\framework\db\request\TCUpdateRequest.class.php(88): DBHelper2->updatetable('clan_info_1', Array, '1=1  AND data_i...')
#4 E:\workSpace\phpworkspace\HeroTowerServer\framework\db\request\TCUpdateRequest.class.php(53): TCUpdateRequest->updateDb()
#5 E:\workSpace\phpworkspace\HeroTowerServer\libgame\model\ManagerBase.class.php(79): TCUpdateRequest->execute()
#6 E:\workSpace\phpworkspace\HeroTowerServer\libgame\model\ClanManager.class.php(80): ManagerBase->updateDB(1001, Array, Array)
#7 E:\workSpace\phpworkspace\HeroTowerServer\libgame\actions\clan\EditClanInfo.php(20): ClanManager->updateClanInfo(1001, Array)
#8 E:\workSpace\phpworkspace\HeroTowerServer\libgame\actions\GameActionBase.class.php(146): EditClanInfo->_exec()
#9 E:\workSpace\phpworkspace\HeroTowerServer\framework\action\ActionInvoker.class.php(54): GameActionBase->execute(Array)
#10 E:\workSpace\phpworkspace\HeroTowerServer\data\services\common.php(92): ActionInvoker->invoke('clan', 'EditClanInfo', Array)
#11 E:\workSpace\phpworkspace\HeroTowerServer\data\services\BaseCommand.php(14): API_Base->invoke('callCommand', 'clan', 'EditClanInfo', Array)
#12 [internal function]: BaseCommand->callCommand(Array)
#13 E:\workSpace\phpworkspace\HeroTowerServer\framework\protocal\amf\core\shared\app\php5Executive.php(127): call_user_func_array(Array, Array)
#14 E:\workSpace\phpworkspace\HeroTowerServer\framework\protocal\amf\core\shared\app\php5Executive.php(59): Executive::deferredMethodCall(Object(MessageBody), Object(BaseCommand), 'callCommand', Array)
#15 E:\workSpace\phpworkspace\HeroTowerServer\framework\protocal\amf\core\amf\app\Actions.php(198): Executive::doMethodCall(Object(MessageBody), Object(BaseCommand), 'callCommand', Array)
#16 E:\workSpace\phpworkspace\HeroTowerServer\framework\protocal\amf\core\amf\app\Filters.php(142): executionAction(Object(MessageBody))
#17 E:\workSpace\phpworkspace\HeroTowerServer\framework\protocal\amf\core\amf\app\Gateway.php(177): batchProcessFilter(Object(AMFObject))
#18 E:\workSpace\phpworkspace\HeroTowerServer\data\gateway.php(160): Gateway->service()
#19 {main}
[error][2015-01-06 23:48:14-14115400] game exception happens while execute action:INFO[gameuid=1,code:1011]	message:INFO[gameuid=1,code:1011]	message:there is no this clan 1001
[error][2015-01-06 23:48:47-40368700] database exception happens while execute sql, error_msg:ErrorMsg:MySQL Query Error
SQL:UPDATE clan_info_1 SET data_id='1001',name='1001',adminId='11',clanMessage='nothing11',boss='',level='0',members='Array',admin='Array' WHERE 1=1  AND data_id=1001
Error: 'Unknown column \'members\' in \'field list\''
Errno: 1054
[error][2015-01-06 23:48:47-40430300] and the stack trace is as below:
#0 E:\workSpace\phpworkspace\HeroTowerServer\framework\database\drivers\MooMySQL.class.php(98): MooMySQL->errorMsg('MySQL Query Err...', 'UPDATE clan_inf...')
#1 E:\workSpace\phpworkspace\HeroTowerServer\framework\database\DBHelper2.class.php(119): MooMySQL->query('UPDATE clan_inf...')
#2 E:\workSpace\phpworkspace\HeroTowerServer\framework\database\DBHelper2.class.php(314): DBHelper2->query('UPDATE clan_inf...')
#3 E:\workSpace\phpworkspace\HeroTowerServer\framework\db\request\TCUpdateRequest.class.php(88): DBHelper2->updatetable('clan_info_1', Array, '1=1  AND data_i...')
#4 E:\workSpace\phpworkspace\HeroTowerServer\framework\db\request\TCUpdateRequest.class.php(53): TCUpdateRequest->updateDb()
#5 E:\workSpace\phpworkspace\HeroTowerServer\libgame\model\ManagerBase.class.php(79): TCUpdateRequest->execute()
#6 E:\workSpace\phpworkspace\HeroTowerServer\libgame\model\ClanManager.class.php(85): ManagerBase->updateDB(1001, Array, Array)
#7 E:\workSpace\phpworkspace\HeroTowerServer\libgame\actions\clan\EditClanInfo.php(20): ClanManager->updateClanInfo(1001, Array)
#8 E:\workSpace\phpworkspace\HeroTowerServer\libgame\actions\GameActionBase.class.php(146): EditClanInfo->_exec()
#9 E:\workSpace\phpworkspace\HeroTowerServer\framework\action\ActionInvoker.class.php(54): GameActionBase->execute(Array)
#10 E:\workSpace\phpworkspace\HeroTowerServer\data\services\common.php(92): ActionInvoker->invoke('clan', 'EditClanInfo', Array)
#11 E:\workSpace\phpworkspace\HeroTowerServer\data\services\BaseCommand.php(14): API_Base->invoke('callCommand', 'clan', 'EditClanInfo', Array)
#12 [internal function]: BaseCommand->callCommand(Array)
#13 E:\workSpace\phpworkspace\HeroTowerServer\framework\protocal\amf\core\shared\app\php5Executive.php(127): call_user_func_array(Array, Array)
#14 E:\workSpace\phpworkspace\HeroTowerServer\framework\protocal\amf\core\shared\app\php5Executive.php(59): Executive::deferredMethodCall(Object(MessageBody), Object(BaseCommand), 'callCommand', Array)
#15 E:\workSpace\phpworkspace\HeroTowerServer\framework\protocal\amf\core\amf\app\Actions.php(198): Executive::doMethodCall(Object(MessageBody), Object(BaseCommand), 'callCommand', Array)
#16 E:\workSpace\phpworkspace\HeroTowerServer\framework\protocal\amf\core\amf\app\Filters.php(142): executionAction(Object(MessageBody))
#17 E:\workSpace\phpworkspace\HeroTowerServer\framework\protocal\amf\core\amf\app\Gateway.php(177): batchProcessFilter(Object(AMFObject))
#18 E:\workSpace\phpworkspace\HeroTowerServer\data\gateway.php(160): Gateway->service()
#19 {main}
[error][2015-01-06 23:49:07-8558500] database exception happens while execute sql, error_msg:ErrorMsg:MySQL Query Error
SQL:UPDATE clan_info_1 SET data_id='1001',name='1001',adminId='11',clanMessage='nothing11',boss='',level='0',members='Array',admin='Array' WHERE 1=1  AND data_id=1001
Error: 'Unknown column \'members\' in \'field list\''
Errno: 1054
[error][2015-01-06 23:49:07-8635800] and the stack trace is as below:
#0 E:\workSpace\phpworkspace\HeroTowerServer\framework\database\drivers\MooMySQL.class.php(98): MooMySQL->errorMsg('MySQL Query Err...', 'UPDATE clan_inf...')
#1 E:\workSpace\phpworkspace\HeroTowerServer\framework\database\DBHelper2.class.php(119): MooMySQL->query('UPDATE clan_inf...')
#2 E:\workSpace\phpworkspace\HeroTowerServer\framework\database\DBHelper2.class.php(314): DBHelper2->query('UPDATE clan_inf...')
#3 E:\workSpace\phpworkspace\HeroTowerServer\framework\db\request\TCUpdateRequest.class.php(88): DBHelper2->updatetable('clan_info_1', Array, '1=1  AND data_i...')
#4 E:\workSpace\phpworkspace\HeroTowerServer\framework\db\request\TCUpdateRequest.class.php(53): TCUpdateRequest->updateDb()
#5 E:\workSpace\phpworkspace\HeroTowerServer\libgame\model\ManagerBase.class.php(79): TCUpdateRequest->execute()
#6 E:\workSpace\phpworkspace\HeroTowerServer\libgame\model\ClanManager.class.php(85): ManagerBase->updateDB(1001, Array, Array)
#7 E:\workSpace\phpworkspace\HeroTowerServer\libgame\actions\clan\EditClanInfo.php(20): ClanManager->updateClanInfo(1001, Array)
#8 E:\workSpace\phpworkspace\HeroTowerServer\libgame\actions\GameActionBase.class.php(146): EditClanInfo->_exec()
#9 E:\workSpace\phpworkspace\HeroTowerServer\framework\action\ActionInvoker.class.php(54): GameActionBase->execute(Array)
#10 E:\workSpace\phpworkspace\HeroTowerServer\data\services\common.php(92): ActionInvoker->invoke('clan', 'EditClanInfo', Array)
#11 E:\workSpace\phpworkspace\HeroTowerServer\data\services\BaseCommand.php(14): API_Base->invoke('callCommand', 'clan', 'EditClanInfo', Array)
#12 [internal function]: BaseCommand->callCommand(Array)
#13 E:\workSpace\phpworkspace\HeroTowerServer\framework\protocal\amf\core\shared\app\php5Executive.php(127): call_user_func_array(Array, Array)
#14 E:\workSpace\phpworkspace\HeroTowerServer\framework\protocal\amf\core\shared\app\php5Executive.php(59): Executive::deferredMethodCall(Object(MessageBody), Object(BaseCommand), 'callCommand', Array)
#15 E:\workSpace\phpworkspace\HeroTowerServer\framework\protocal\amf\core\amf\app\Actions.php(198): Executive::doMethodCall(Object(MessageBody), Object(BaseCommand), 'callCommand', Array)
#16 E:\workSpace\phpworkspace\HeroTowerServer\framework\protocal\amf\core\amf\app\Filters.php(142): executionAction(Object(MessageBody))
#17 E:\workSpace\phpworkspace\HeroTowerServer\framework\protocal\amf\core\amf\app\Gateway.php(177): batchProcessFilter(Object(AMFObject))
#18 E:\workSpace\phpworkspace\HeroTowerServer\data\gateway.php(160): Gateway->service()
#19 {main}
