[error][2015-07-09 15:33:59-29504500] game exception happens while execute action:INFO[gameuid=1,code:1000]	message:INFO[gameuid=1,code:1000]	message:defination of id[80002] not exist in xml,db_type is item
[error][2015-07-09 21:01:53-39248700] database exception happens while execute sql, error_msg:ErrorMsg:MySQL Query Error
SQL:INSERT INTO user_clan_0 (gameuid,clan_id) values(30,1001)
Error: 'Duplicate entry \'30\' for key \'PRIMARY\''
Errno: 1062
[error][2015-07-09 21:01:53-40510900] and the stack trace is as below:
#0 E:\workSpace\MyWeb\project\HeroTowerServer\framework\database\drivers\MooMySQL.class.php(98): MooMySQL->errorMsg('MySQL Query Err...', 'INSERT INTO use...')
#1 E:\workSpace\MyWeb\project\HeroTowerServer\framework\database\DBHelper2.class.php(130): MooMySQL->query('INSERT INTO use...')
#2 E:\workSpace\MyWeb\project\HeroTowerServer\framework\db\request\TCInsertRequest.class.php(38): DBHelper2->executeNonQuery('INSERT INTO use...')
#3 E:\workSpace\MyWeb\project\HeroTowerServer\framework\db\request\TCInsertRequest.class.php(9): TCInsertRequest->_exec()
#4 E:\workSpace\MyWeb\project\HeroTowerServer\libgame\model\ManagerBase.class.php(98): TCInsertRequest->execute()
#5 E:\workSpace\MyWeb\project\HeroTowerServer\libgame\model\UserClanManager.class.php(11): ManagerBase->insertDB(Array)
#6 E:\workSpace\MyWeb\project\HeroTowerServer\libgame\actions\clan\JoinClan.php(24): UserClanManager->creatUserClan(30, 1001)
#7 E:\workSpace\MyWeb\project\HeroTowerServer\libgame\actions\GameActionBase.class.php(85): JoinClan->_exec()
#8 E:\workSpace\MyWeb\project\HeroTowerServer\framework\action\ActionInvoker.class.php(54): GameActionBase->execute(Array)
#9 E:\workSpace\MyWeb\project\HeroTowerServer\data\services\common.php(92): ActionInvoker->invoke('clan', 'JoinClan', Array)
#10 E:\workSpace\MyWeb\project\HeroTowerServer\data\services\BaseCommand.php(14): API_Base->invoke('callCommand', 'clan', 'JoinClan', Array)
#11 [internal function]: BaseCommand->callCommand(Array)
#12 E:\workSpace\MyWeb\project\HeroTowerServer\framework\protocal\amf\core\shared\app\php5Executive.php(127): call_user_func_array(Array, Array)
#13 E:\workSpace\MyWeb\project\HeroTowerServer\framework\protocal\amf\core\shared\app\php5Executive.php(59): Executive::deferredMethodCall(Object(MessageBody), Object(BaseCommand), 'callCommand', Array)
#14 E:\workSpace\MyWeb\project\HeroTowerServer\framework\protocal\amf\core\amf\app\Actions.php(198): Executive::doMethodCall(Object(MessageBody), Object(BaseCommand), 'callCommand', Array)
#15 E:\workSpace\MyWeb\project\HeroTowerServer\framework\protocal\amf\core\amf\app\Filters.php(142): executionAction(Object(MessageBody))
#16 E:\workSpace\MyWeb\project\HeroTowerServer\framework\protocal\amf\core\amf\app\Gateway.php(177): batchProcessFilter(Object(AMFObject))
#17 E:\workSpace\MyWeb\project\HeroTowerServer\data\gateway.php(160): Gateway->service()
#18 {main}
