[error][2014-11-25 17:27:16-84522400] database exception happens while execute sql, error_msg:ErrorMsg:MySQL Query Error
SQL:INSERT INTO clan_info_0 (data_id,name,adminId) values(1000,'xxxx',1)
Error: 'Duplicate entry \'1000\' for key \'PRIMARY\''
Errno: 1062
[error][2014-11-25 17:27:16-84696600] and the stack trace is as below:
#0 E:\workSpace\phpworkspace\HeroTowerServer\framework\database\drivers\MooMySQL.class.php(98): MooMySQL->errorMsg('MySQL Query Err...', 'INSERT INTO cla...')
#1 E:\workSpace\phpworkspace\HeroTowerServer\framework\database\DBHelper2.class.php(130): MooMySQL->query('INSERT INTO cla...')
#2 E:\workSpace\phpworkspace\HeroTowerServer\framework\db\request\TCInsertRequest.class.php(38): DBHelper2->executeNonQuery('INSERT INTO cla...')
#3 E:\workSpace\phpworkspace\HeroTowerServer\framework\db\request\TCInsertRequest.class.php(9): TCInsertRequest->_exec()
#4 E:\workSpace\phpworkspace\HeroTowerServer\libgame\model\ManagerBase.class.php(98): TCInsertRequest->execute()
#5 E:\workSpace\phpworkspace\HeroTowerServer\libgame\model\ClanManager.class.php(12): ManagerBase->insertDB(Array)
#6 E:\workSpace\phpworkspace\HeroTowerServer\libgame\actions\clan\CreatClan.php(10): ClanManager->creatClan(1, 'xxxx')
#7 E:\workSpace\phpworkspace\HeroTowerServer\libgame\actions\GameActionBase.class.php(146): CreatClan->_exec()
#8 E:\workSpace\phpworkspace\HeroTowerServer\framework\action\ActionInvoker.class.php(54): GameActionBase->execute(Array)
#9 E:\workSpace\phpworkspace\HeroTowerServer\data\services\common.php(92): ActionInvoker->invoke('clan', 'CreatClan', Array)
#10 E:\workSpace\phpworkspace\HeroTowerServer\data\services\BaseCommand.php(14): API_Base->invoke('callCommand', 'clan', 'CreatClan', Array)
#11 [internal function]: BaseCommand->callCommand(Array)
#12 E:\workSpace\phpworkspace\HeroTowerServer\framework\protocal\amf\core\shared\app\php5Executive.php(127): call_user_func_array(Array, Array)
#13 E:\workSpace\phpworkspace\HeroTowerServer\framework\protocal\amf\core\shared\app\php5Executive.php(59): Executive::deferredMethodCall(Object(MessageBody), Object(BaseCommand), 'callCommand', Array)
#14 E:\workSpace\phpworkspace\HeroTowerServer\framework\protocal\amf\core\amf\app\Actions.php(198): Executive::doMethodCall(Object(MessageBody), Object(BaseCommand), 'callCommand', Array)
#15 E:\workSpace\phpworkspace\HeroTowerServer\framework\protocal\amf\core\amf\app\Filters.php(142): executionAction(Object(MessageBody))
#16 E:\workSpace\phpworkspace\HeroTowerServer\framework\protocal\amf\core\amf\app\Gateway.php(177): batchProcessFilter(Object(AMFObject))
#17 E:\workSpace\phpworkspace\HeroTowerServer\data\gateway.php(160): Gateway->service()
#18 {main}
[error][2014-11-25 17:27:43-15644900] database exception happens while execute sql, error_msg:ErrorMsg:MySQL Query Error
SQL:INSERT INTO clan_info_0 (data_id,name,adminId) values(1000,'xxxx',1)
Error: 'Duplicate entry \'1000\' for key \'PRIMARY\''
Errno: 1062
[error][2014-11-25 17:27:43-15708900] and the stack trace is as below:
#0 E:\workSpace\phpworkspace\HeroTowerServer\framework\database\drivers\MooMySQL.class.php(98): MooMySQL->errorMsg('MySQL Query Err...', 'INSERT INTO cla...')
#1 E:\workSpace\phpworkspace\HeroTowerServer\framework\database\DBHelper2.class.php(130): MooMySQL->query('INSERT INTO cla...')
#2 E:\workSpace\phpworkspace\HeroTowerServer\framework\db\request\TCInsertRequest.class.php(38): DBHelper2->executeNonQuery('INSERT INTO cla...')
#3 E:\workSpace\phpworkspace\HeroTowerServer\framework\db\request\TCInsertRequest.class.php(9): TCInsertRequest->_exec()
#4 E:\workSpace\phpworkspace\HeroTowerServer\libgame\model\ManagerBase.class.php(98): TCInsertRequest->execute()
#5 E:\workSpace\phpworkspace\HeroTowerServer\libgame\model\ClanManager.class.php(12): ManagerBase->insertDB(Array)
#6 E:\workSpace\phpworkspace\HeroTowerServer\libgame\actions\clan\CreatClan.php(11): ClanManager->creatClan(1, 'xxxx')
#7 E:\workSpace\phpworkspace\HeroTowerServer\libgame\actions\GameActionBase.class.php(146): CreatClan->_exec()
#8 E:\workSpace\phpworkspace\HeroTowerServer\framework\action\ActionInvoker.class.php(54): GameActionBase->execute(Array)
#9 E:\workSpace\phpworkspace\HeroTowerServer\data\services\common.php(92): ActionInvoker->invoke('clan', 'CreatClan', Array)
#10 E:\workSpace\phpworkspace\HeroTowerServer\data\services\BaseCommand.php(14): API_Base->invoke('callCommand', 'clan', 'CreatClan', Array)
#11 [internal function]: BaseCommand->callCommand(Array)
#12 E:\workSpace\phpworkspace\HeroTowerServer\framework\protocal\amf\core\shared\app\php5Executive.php(127): call_user_func_array(Array, Array)
#13 E:\workSpace\phpworkspace\HeroTowerServer\framework\protocal\amf\core\shared\app\php5Executive.php(59): Executive::deferredMethodCall(Object(MessageBody), Object(BaseCommand), 'callCommand', Array)
#14 E:\workSpace\phpworkspace\HeroTowerServer\framework\protocal\amf\core\amf\app\Actions.php(198): Executive::doMethodCall(Object(MessageBody), Object(BaseCommand), 'callCommand', Array)
#15 E:\workSpace\phpworkspace\HeroTowerServer\framework\protocal\amf\core\amf\app\Filters.php(142): executionAction(Object(MessageBody))
#16 E:\workSpace\phpworkspace\HeroTowerServer\framework\protocal\amf\core\amf\app\Gateway.php(177): batchProcessFilter(Object(AMFObject))
#17 E:\workSpace\phpworkspace\HeroTowerServer\data\gateway.php(160): Gateway->service()
#18 {main}
[error][2014-11-25 17:28:08-76307300] database exception happens while execute sql, error_msg:ErrorMsg:MySQL Query Error
SQL:INSERT INTO clan_info_0 (data_id,name,adminId) values(1000,'xxxx',1)
Error: 'Duplicate entry \'1000\' for key \'PRIMARY\''
Errno: 1062
[error][2014-11-25 17:28:08-76364500] and the stack trace is as below:
#0 E:\workSpace\phpworkspace\HeroTowerServer\framework\database\drivers\MooMySQL.class.php(98): MooMySQL->errorMsg('MySQL Query Err...', 'INSERT INTO cla...')
#1 E:\workSpace\phpworkspace\HeroTowerServer\framework\database\DBHelper2.class.php(130): MooMySQL->query('INSERT INTO cla...')
#2 E:\workSpace\phpworkspace\HeroTowerServer\framework\db\request\TCInsertRequest.class.php(38): DBHelper2->executeNonQuery('INSERT INTO cla...')
#3 E:\workSpace\phpworkspace\HeroTowerServer\framework\db\request\TCInsertRequest.class.php(9): TCInsertRequest->_exec()
#4 E:\workSpace\phpworkspace\HeroTowerServer\libgame\model\ManagerBase.class.php(98): TCInsertRequest->execute()
#5 E:\workSpace\phpworkspace\HeroTowerServer\libgame\model\ClanManager.class.php(12): ManagerBase->insertDB(Array)
#6 E:\workSpace\phpworkspace\HeroTowerServer\libgame\actions\clan\CreatClan.php(11): ClanManager->creatClan(1, 'xxxx')
#7 E:\workSpace\phpworkspace\HeroTowerServer\libgame\actions\GameActionBase.class.php(146): CreatClan->_exec()
#8 E:\workSpace\phpworkspace\HeroTowerServer\framework\action\ActionInvoker.class.php(54): GameActionBase->execute(Array)
#9 E:\workSpace\phpworkspace\HeroTowerServer\data\services\common.php(92): ActionInvoker->invoke('clan', 'CreatClan', Array)
#10 E:\workSpace\phpworkspace\HeroTowerServer\data\services\BaseCommand.php(14): API_Base->invoke('callCommand', 'clan', 'CreatClan', Array)
#11 [internal function]: BaseCommand->callCommand(Array)
#12 E:\workSpace\phpworkspace\HeroTowerServer\framework\protocal\amf\core\shared\app\php5Executive.php(127): call_user_func_array(Array, Array)
#13 E:\workSpace\phpworkspace\HeroTowerServer\framework\protocal\amf\core\shared\app\php5Executive.php(59): Executive::deferredMethodCall(Object(MessageBody), Object(BaseCommand), 'callCommand', Array)
#14 E:\workSpace\phpworkspace\HeroTowerServer\framework\protocal\amf\core\amf\app\Actions.php(198): Executive::doMethodCall(Object(MessageBody), Object(BaseCommand), 'callCommand', Array)
#15 E:\workSpace\phpworkspace\HeroTowerServer\framework\protocal\amf\core\amf\app\Filters.php(142): executionAction(Object(MessageBody))
#16 E:\workSpace\phpworkspace\HeroTowerServer\framework\protocal\amf\core\amf\app\Gateway.php(177): batchProcessFilter(Object(AMFObject))
#17 E:\workSpace\phpworkspace\HeroTowerServer\data\gateway.php(160): Gateway->service()
#18 {main}
[error][2014-11-25 17:41:07-2364200] database exception happens while execute sql, error_msg:ErrorMsg:MySQL Query Error
SQL:INSERT INTO user_account_2 (gem,coin,extra,gameuid) values(50,10000,1,2)
Error: 'Table \'herotower.user_account_2\' doesn\'t exist'
Errno: 1146
[error][2014-11-25 17:41:07-2422500] and the stack trace is as below:
#0 E:\workSpace\phpworkspace\HeroTowerServer\framework\database\drivers\MooMySQL.class.php(98): MooMySQL->errorMsg('MySQL Query Err...', 'INSERT INTO use...')
#1 E:\workSpace\phpworkspace\HeroTowerServer\framework\database\DBHelper2.class.php(130): MooMySQL->query('INSERT INTO use...')
#2 E:\workSpace\phpworkspace\HeroTowerServer\framework\db\request\TCInsertRequest.class.php(38): DBHelper2->executeNonQuery('INSERT INTO use...')
#3 E:\workSpace\phpworkspace\HeroTowerServer\framework\db\request\TCInsertRequest.class.php(9): TCInsertRequest->_exec()
#4 E:\workSpace\phpworkspace\HeroTowerServer\libgame\model\ManagerBase.class.php(98): TCInsertRequest->execute()
#5 E:\workSpace\phpworkspace\HeroTowerServer\libgame\model\UserAccountManager.class.php(169): ManagerBase->insertDB(Array)
#6 E:\workSpace\phpworkspace\HeroTowerServer\libgame\actions\user\UserLoginCommand.php(76): UserAccountManager->createUserAccount(2, Array)
#7 E:\workSpace\phpworkspace\HeroTowerServer\libgame\actions\user\UserLoginCommand.php(25): UserLoginCommand->init(2)
#8 E:\workSpace\phpworkspace\HeroTowerServer\libgame\actions\GameActionBase.class.php(146): UserLoginCommand->_exec()
#9 E:\workSpace\phpworkspace\HeroTowerServer\framework\action\ActionInvoker.class.php(54): GameActionBase->execute(Array)
#10 E:\workSpace\phpworkspace\HeroTowerServer\data\services\common.php(92): ActionInvoker->invoke('user', 'UserLoginComman...', Array)
#11 E:\workSpace\phpworkspace\HeroTowerServer\data\services\BaseCommand.php(14): API_Base->invoke('callCommand', 'user', 'UserLoginComman...', Array)
#12 [internal function]: BaseCommand->callCommand(Array)
#13 E:\workSpace\phpworkspace\HeroTowerServer\framework\protocal\amf\core\shared\app\php5Executive.php(127): call_user_func_array(Array, Array)
#14 E:\workSpace\phpworkspace\HeroTowerServer\framework\protocal\amf\core\shared\app\php5Executive.php(59): Executive::deferredMethodCall(Object(MessageBody), Object(BaseCommand), 'callCommand', Array)
#15 E:\workSpace\phpworkspace\HeroTowerServer\framework\protocal\amf\core\amf\app\Actions.php(198): Executive::doMethodCall(Object(MessageBody), Object(BaseCommand), 'callCommand', Array)
#16 E:\workSpace\phpworkspace\HeroTowerServer\framework\protocal\amf\core\amf\app\Filters.php(142): executionAction(Object(MessageBody))
#17 E:\workSpace\phpworkspace\HeroTowerServer\framework\protocal\amf\core\amf\app\Gateway.php(177): batchProcessFilter(Object(AMFObject))
#18 E:\workSpace\phpworkspace\HeroTowerServer\data\gateway.php(160): Gateway->service()
#19 {main}
[error][2014-11-25 17:41:37-56595900] database exception happens while execute sql, error_msg:ErrorMsg:MySQL Query Error
SQL:SELECT characteruid,exp,name,item_id from character_account_21  where 1=1  AND characteruid=21
Error: 'Table \'herotower.character_account_21\' doesn\'t exist'
Errno: 1146
[error][2014-11-25 17:41:37-56645000] and the stack trace is as below:
#0 E:\workSpace\phpworkspace\HeroTowerServer\framework\database\drivers\MooMySQL.class.php(98): MooMySQL->errorMsg('MySQL Query Err...', 'SELECT characte...')
#1 E:\workSpace\phpworkspace\HeroTowerServer\framework\database\drivers\MooMySQL.class.php(206): MooMySQL->query('SELECT characte...')
#2 E:\workSpace\phpworkspace\HeroTowerServer\framework\database\DBHelper2.class.php(248): MooMySQL->getOne('SELECT characte...')
#3 E:\workSpace\phpworkspace\HeroTowerServer\framework\db\request\TCGetRequest.class.php(19): DBHelper2->fetchOne('SELECT characte...')
#4 E:\workSpace\phpworkspace\HeroTowerServer\framework\db\request\TCGetRequest.class.php(50): TCGetRequest->_exec('fetchOne')
#5 E:\workSpace\phpworkspace\HeroTowerServer\libgame\model\ManagerBase.class.php(139): TCGetRequest->fetchOne()
#6 E:\workSpace\phpworkspace\HeroTowerServer\libgame\model\CharacterAccountManager.class.php(19): ManagerBase->getFromDb(21, Array)
#7 E:\workSpace\phpworkspace\HeroTowerServer\libgame\actions\user\UserLoginCommand.php(33): CharacterAccountManager->getCharacterAccount(21)
#8 E:\workSpace\phpworkspace\HeroTowerServer\libgame\actions\GameActionBase.class.php(146): UserLoginCommand->_exec()
#9 E:\workSpace\phpworkspace\HeroTowerServer\framework\action\ActionInvoker.class.php(54): GameActionBase->execute(Array)
#10 E:\workSpace\phpworkspace\HeroTowerServer\data\services\common.php(92): ActionInvoker->invoke('user', 'UserLoginComman...', Array)
#11 E:\workSpace\phpworkspace\HeroTowerServer\data\services\BaseCommand.php(14): API_Base->invoke('callCommand', 'user', 'UserLoginComman...', Array)
#12 [internal function]: BaseCommand->callCommand(Array)
#13 E:\workSpace\phpworkspace\HeroTowerServer\framework\protocal\amf\core\shared\app\php5Executive.php(127): call_user_func_array(Array, Array)
#14 E:\workSpace\phpworkspace\HeroTowerServer\framework\protocal\amf\core\shared\app\php5Executive.php(59): Executive::deferredMethodCall(Object(MessageBody), Object(BaseCommand), 'callCommand', Array)
#15 E:\workSpace\phpworkspace\HeroTowerServer\framework\protocal\amf\core\amf\app\Actions.php(198): Executive::doMethodCall(Object(MessageBody), Object(BaseCommand), 'callCommand', Array)
#16 E:\workSpace\phpworkspace\HeroTowerServer\framework\protocal\amf\core\amf\app\Filters.php(142): executionAction(Object(MessageBody))
#17 E:\workSpace\phpworkspace\HeroTowerServer\framework\protocal\amf\core\amf\app\Gateway.php(177): batchProcessFilter(Object(AMFObject))
#18 E:\workSpace\phpworkspace\HeroTowerServer\data\gateway.php(160): Gateway->service()
#19 {main}
[error][2014-11-25 20:07:40-68860200] game exception happens while execute action:INFO[gameuid=0,code:1011]	message:INFO[gameuid=0,code:1011]	message:character id not enough characterId: 1 maxindex 
[error][2014-11-25 20:12:14-21958000] database exception happens while execute sql, error_msg:ErrorMsg:MySQL Query Error
SQL:INSERT INTO clan_info_0 (data_id,name,adminId) values(1001,'xxxx',3)
Error: 'Duplicate entry \'1001\' for key \'PRIMARY\''
Errno: 1062
[error][2014-11-25 20:12:14-22035800] and the stack trace is as below:
#0 E:\workSpace\phpworkspace\HeroTowerServer\framework\database\drivers\MooMySQL.class.php(98): MooMySQL->errorMsg('MySQL Query Err...', 'INSERT INTO cla...')
#1 E:\workSpace\phpworkspace\HeroTowerServer\framework\database\DBHelper2.class.php(130): MooMySQL->query('INSERT INTO cla...')
#2 E:\workSpace\phpworkspace\HeroTowerServer\framework\db\request\TCInsertRequest.class.php(38): DBHelper2->executeNonQuery('INSERT INTO cla...')
#3 E:\workSpace\phpworkspace\HeroTowerServer\framework\db\request\TCInsertRequest.class.php(9): TCInsertRequest->_exec()
#4 E:\workSpace\phpworkspace\HeroTowerServer\libgame\model\ManagerBase.class.php(98): TCInsertRequest->execute()
#5 E:\workSpace\phpworkspace\HeroTowerServer\libgame\model\ClanManager.class.php(12): ManagerBase->insertDB(Array)
#6 E:\workSpace\phpworkspace\HeroTowerServer\libgame\actions\clan\CreatClan.php(11): ClanManager->creatClan(3, 'xxxx')
#7 E:\workSpace\phpworkspace\HeroTowerServer\libgame\actions\GameActionBase.class.php(146): CreatClan->_exec()
#8 E:\workSpace\phpworkspace\HeroTowerServer\framework\action\ActionInvoker.class.php(54): GameActionBase->execute(Array)
#9 E:\workSpace\phpworkspace\HeroTowerServer\data\services\common.php(92): ActionInvoker->invoke('clan', 'CreatClan', Array)
#10 E:\workSpace\phpworkspace\HeroTowerServer\data\services\BaseCommand.php(14): API_Base->invoke('callCommand', 'clan', 'CreatClan', Array)
#11 [internal function]: BaseCommand->callCommand(Array)
#12 E:\workSpace\phpworkspace\HeroTowerServer\framework\protocal\amf\core\shared\app\php5Executive.php(127): call_user_func_array(Array, Array)
#13 E:\workSpace\phpworkspace\HeroTowerServer\framework\protocal\amf\core\shared\app\php5Executive.php(59): Executive::deferredMethodCall(Object(MessageBody), Object(BaseCommand), 'callCommand', Array)
#14 E:\workSpace\phpworkspace\HeroTowerServer\framework\protocal\amf\core\amf\app\Actions.php(198): Executive::doMethodCall(Object(MessageBody), Object(BaseCommand), 'callCommand', Array)
#15 E:\workSpace\phpworkspace\HeroTowerServer\framework\protocal\amf\core\amf\app\Filters.php(142): executionAction(Object(MessageBody))
#16 E:\workSpace\phpworkspace\HeroTowerServer\framework\protocal\amf\core\amf\app\Gateway.php(177): batchProcessFilter(Object(AMFObject))
#17 E:\workSpace\phpworkspace\HeroTowerServer\data\gateway.php(160): Gateway->service()
#18 {main}
[error][2014-11-25 20:13:08-56731200] database exception happens while execute sql, error_msg:ErrorMsg:MySQL Query Error
SQL:INSERT INTO clan_info_0 (data_id,name,adminId) values(1001,'xxxx',3)
Error: 'Duplicate entry \'1001\' for key \'PRIMARY\''
Errno: 1062
[error][2014-11-25 20:13:08-56793500] and the stack trace is as below:
#0 E:\workSpace\phpworkspace\HeroTowerServer\framework\database\drivers\MooMySQL.class.php(98): MooMySQL->errorMsg('MySQL Query Err...', 'INSERT INTO cla...')
#1 E:\workSpace\phpworkspace\HeroTowerServer\framework\database\DBHelper2.class.php(130): MooMySQL->query('INSERT INTO cla...')
#2 E:\workSpace\phpworkspace\HeroTowerServer\framework\db\request\TCInsertRequest.class.php(38): DBHelper2->executeNonQuery('INSERT INTO cla...')
#3 E:\workSpace\phpworkspace\HeroTowerServer\framework\db\request\TCInsertRequest.class.php(9): TCInsertRequest->_exec()
#4 E:\workSpace\phpworkspace\HeroTowerServer\libgame\model\ManagerBase.class.php(98): TCInsertRequest->execute()
#5 E:\workSpace\phpworkspace\HeroTowerServer\libgame\model\ClanManager.class.php(12): ManagerBase->insertDB(Array)
#6 E:\workSpace\phpworkspace\HeroTowerServer\libgame\actions\clan\CreatClan.php(11): ClanManager->creatClan(3, 'xxxx')
#7 E:\workSpace\phpworkspace\HeroTowerServer\libgame\actions\GameActionBase.class.php(146): CreatClan->_exec()
#8 E:\workSpace\phpworkspace\HeroTowerServer\framework\action\ActionInvoker.class.php(54): GameActionBase->execute(Array)
#9 E:\workSpace\phpworkspace\HeroTowerServer\data\services\common.php(92): ActionInvoker->invoke('clan', 'CreatClan', Array)
#10 E:\workSpace\phpworkspace\HeroTowerServer\data\services\BaseCommand.php(14): API_Base->invoke('callCommand', 'clan', 'CreatClan', Array)
#11 [internal function]: BaseCommand->callCommand(Array)
#12 E:\workSpace\phpworkspace\HeroTowerServer\framework\protocal\amf\core\shared\app\php5Executive.php(127): call_user_func_array(Array, Array)
#13 E:\workSpace\phpworkspace\HeroTowerServer\framework\protocal\amf\core\shared\app\php5Executive.php(59): Executive::deferredMethodCall(Object(MessageBody), Object(BaseCommand), 'callCommand', Array)
#14 E:\workSpace\phpworkspace\HeroTowerServer\framework\protocal\amf\core\amf\app\Actions.php(198): Executive::doMethodCall(Object(MessageBody), Object(BaseCommand), 'callCommand', Array)
#15 E:\workSpace\phpworkspace\HeroTowerServer\framework\protocal\amf\core\amf\app\Filters.php(142): executionAction(Object(MessageBody))
#16 E:\workSpace\phpworkspace\HeroTowerServer\framework\protocal\amf\core\amf\app\Gateway.php(177): batchProcessFilter(Object(AMFObject))
#17 E:\workSpace\phpworkspace\HeroTowerServer\data\gateway.php(160): Gateway->service()
#18 {main}
[error][2014-11-25 20:14:02-21559100] database exception happens while execute sql, error_msg:ErrorMsg:MySQL Query Error
SQL:INSERT INTO clan_info_0 (data_id,name,adminId) values(1001,'xxxx',3)
Error: 'Duplicate entry \'1001\' for key \'PRIMARY\''
Errno: 1062
[error][2014-11-25 20:14:02-21615700] and the stack trace is as below:
#0 E:\workSpace\phpworkspace\HeroTowerServer\framework\database\drivers\MooMySQL.class.php(98): MooMySQL->errorMsg('MySQL Query Err...', 'INSERT INTO cla...')
#1 E:\workSpace\phpworkspace\HeroTowerServer\framework\database\DBHelper2.class.php(130): MooMySQL->query('INSERT INTO cla...')
#2 E:\workSpace\phpworkspace\HeroTowerServer\framework\db\request\TCInsertRequest.class.php(38): DBHelper2->executeNonQuery('INSERT INTO cla...')
#3 E:\workSpace\phpworkspace\HeroTowerServer\framework\db\request\TCInsertRequest.class.php(9): TCInsertRequest->_exec()
#4 E:\workSpace\phpworkspace\HeroTowerServer\libgame\model\ManagerBase.class.php(98): TCInsertRequest->execute()
#5 E:\workSpace\phpworkspace\HeroTowerServer\libgame\model\ClanManager.class.php(12): ManagerBase->insertDB(Array)
#6 E:\workSpace\phpworkspace\HeroTowerServer\libgame\actions\clan\CreatClan.php(11): ClanManager->creatClan(3, 'xxxx')
#7 E:\workSpace\phpworkspace\HeroTowerServer\libgame\actions\GameActionBase.class.php(146): CreatClan->_exec()
#8 E:\workSpace\phpworkspace\HeroTowerServer\framework\action\ActionInvoker.class.php(54): GameActionBase->execute(Array)
#9 E:\workSpace\phpworkspace\HeroTowerServer\data\services\common.php(92): ActionInvoker->invoke('clan', 'CreatClan', Array)
#10 E:\workSpace\phpworkspace\HeroTowerServer\data\services\BaseCommand.php(14): API_Base->invoke('callCommand', 'clan', 'CreatClan', Array)
#11 [internal function]: BaseCommand->callCommand(Array)
#12 E:\workSpace\phpworkspace\HeroTowerServer\framework\protocal\amf\core\shared\app\php5Executive.php(127): call_user_func_array(Array, Array)
#13 E:\workSpace\phpworkspace\HeroTowerServer\framework\protocal\amf\core\shared\app\php5Executive.php(59): Executive::deferredMethodCall(Object(MessageBody), Object(BaseCommand), 'callCommand', Array)
#14 E:\workSpace\phpworkspace\HeroTowerServer\framework\protocal\amf\core\amf\app\Actions.php(198): Executive::doMethodCall(Object(MessageBody), Object(BaseCommand), 'callCommand', Array)
#15 E:\workSpace\phpworkspace\HeroTowerServer\framework\protocal\amf\core\amf\app\Filters.php(142): executionAction(Object(MessageBody))
#16 E:\workSpace\phpworkspace\HeroTowerServer\framework\protocal\amf\core\amf\app\Gateway.php(177): batchProcessFilter(Object(AMFObject))
#17 E:\workSpace\phpworkspace\HeroTowerServer\data\gateway.php(160): Gateway->service()
#18 {main}
[error][2014-11-25 20:16:23-87165300] database exception happens while execute sql, error_msg:ErrorMsg:MySQL Query Error
SQL:INSERT INTO clan_info_0 (data_id,name,adminId) values(1001,'xxxx',3)
Error: 'Duplicate entry \'1001\' for key \'PRIMARY\''
Errno: 1062
[error][2014-11-25 20:16:23-87223900] and the stack trace is as below:
#0 E:\workSpace\phpworkspace\HeroTowerServer\framework\database\drivers\MooMySQL.class.php(98): MooMySQL->errorMsg('MySQL Query Err...', 'INSERT INTO cla...')
#1 E:\workSpace\phpworkspace\HeroTowerServer\framework\database\DBHelper2.class.php(130): MooMySQL->query('INSERT INTO cla...')
#2 E:\workSpace\phpworkspace\HeroTowerServer\framework\db\request\TCInsertRequest.class.php(38): DBHelper2->executeNonQuery('INSERT INTO cla...')
#3 E:\workSpace\phpworkspace\HeroTowerServer\framework\db\request\TCInsertRequest.class.php(9): TCInsertRequest->_exec()
#4 E:\workSpace\phpworkspace\HeroTowerServer\libgame\model\ManagerBase.class.php(98): TCInsertRequest->execute()
#5 E:\workSpace\phpworkspace\HeroTowerServer\libgame\model\ClanManager.class.php(12): ManagerBase->insertDB(Array)
#6 E:\workSpace\phpworkspace\HeroTowerServer\libgame\actions\clan\CreatClan.php(11): ClanManager->creatClan(3, 'xxxx')
#7 E:\workSpace\phpworkspace\HeroTowerServer\libgame\actions\GameActionBase.class.php(146): CreatClan->_exec()
#8 E:\workSpace\phpworkspace\HeroTowerServer\framework\action\ActionInvoker.class.php(54): GameActionBase->execute(Array)
#9 E:\workSpace\phpworkspace\HeroTowerServer\data\services\common.php(92): ActionInvoker->invoke('clan', 'CreatClan', Array)
#10 E:\workSpace\phpworkspace\HeroTowerServer\data\services\BaseCommand.php(14): API_Base->invoke('callCommand', 'clan', 'CreatClan', Array)
#11 [internal function]: BaseCommand->callCommand(Array)
#12 E:\workSpace\phpworkspace\HeroTowerServer\framework\protocal\amf\core\shared\app\php5Executive.php(127): call_user_func_array(Array, Array)
#13 E:\workSpace\phpworkspace\HeroTowerServer\framework\protocal\amf\core\shared\app\php5Executive.php(59): Executive::deferredMethodCall(Object(MessageBody), Object(BaseCommand), 'callCommand', Array)
#14 E:\workSpace\phpworkspace\HeroTowerServer\framework\protocal\amf\core\amf\app\Actions.php(198): Executive::doMethodCall(Object(MessageBody), Object(BaseCommand), 'callCommand', Array)
#15 E:\workSpace\phpworkspace\HeroTowerServer\framework\protocal\amf\core\amf\app\Filters.php(142): executionAction(Object(MessageBody))
#16 E:\workSpace\phpworkspace\HeroTowerServer\framework\protocal\amf\core\amf\app\Gateway.php(177): batchProcessFilter(Object(AMFObject))
#17 E:\workSpace\phpworkspace\HeroTowerServer\data\gateway.php(160): Gateway->service()
#18 {main}
[error][2014-11-25 21:31:53-87407300] game exception happens while execute action:INFO[gameuid=0,code:1011]	message:INFO[gameuid=0,code:1011]	message:character id not enough characterId: 1 maxindex 
[error][2014-11-25 21:31:54-52828700] game exception happens while execute action:INFO[gameuid=0,code:1011]	message:INFO[gameuid=0,code:1011]	message:character id not enough characterId: 1 maxindex 
[error][2014-11-25 21:43:29-99189300] game exception happens while execute action:INFO[gameuid=5,code:1011]	message:INFO[gameuid=5,code:1011]	message:character id not enough characterId: 2 maxindex 1
