[error][2014-07-31 20:08:08-19968100] database exception happens while execute sql, error_msg:ErrorMsg:Can not connect to MySQL server
Error: NULL
Errno: NULL
[error][2014-07-31 20:08:08-20025300] and the stack trace is as below:
#0 E:\workSpace\phpworkspace\HeroTowerServer\framework\database\drivers\MooMySQL.class.php(44): MooMySQL->errorMsg('Can not connect...')
#1 E:\workSpace\phpworkspace\HeroTowerServer\framework\database\DBHelper2.class.php(394): MooMySQL->connect(NULL, NULL, NULL, false, 'utf8', false)
#2 E:\workSpace\phpworkspace\HeroTowerServer\framework\database\DBHelper2.class.php(248): DBHelper2->getConnection()
#3 E:\workSpace\phpworkspace\HeroTowerServer\framework\db\request\TCGetRequest.class.php(19): DBHelper2->fetchOne('SELECT * from u...')
#4 E:\workSpace\phpworkspace\HeroTowerServer\framework\db\request\TCGetRequest.class.php(50): TCGetRequest->_exec('fetchOne')
#5 E:\workSpace\phpworkspace\HeroTowerServer\libgame\model\UidGameuidMapManager.class.php(16): TCGetRequest->fetchOne()
#6 E:\workSpace\phpworkspace\HeroTowerServer\libgame\actions\user\UserLoginCommand.php(9): UidGameuidMapManager->getGameuid('super_man_01')
#7 E:\workSpace\phpworkspace\HeroTowerServer\libgame\actions\GameActionBase.class.php(146): UserLoginCommand->_exec()
#8 E:\workSpace\phpworkspace\HeroTowerServer\framework\action\ActionInvoker.class.php(54): GameActionBase->execute(Array)
#9 E:\workSpace\phpworkspace\HeroTowerServer\data\services\common.php(92): ActionInvoker->invoke('user', 'UserLoginComman...', Array)
#10 E:\workSpace\phpworkspace\HeroTowerServer\data\services\BaseCommand.php(14): API_Base->invoke('callCommand', 'user', 'UserLoginComman...', Array)
#11 [internal function]: BaseCommand->callCommand(Array)
#12 E:\workSpace\phpworkspace\HeroTowerServer\framework\protocal\amf\core\shared\app\php5Executive.php(127): call_user_func_array(Array, Array)
#13 E:\workSpace\phpworkspace\HeroTowerServer\framework\protocal\amf\core\shared\app\php5Executive.php(59): Executive::deferredMethodCall(Object(MessageBody), Object(BaseCommand), 'callCommand', Array)
#14 E:\workSpace\phpworkspace\HeroTowerServer\framework\protocal\amf\core\amf\app\Actions.php(198): Executive::doMethodCall(Object(MessageBody), Object(BaseCommand), 'callCommand', Array)
#15 E:\workSpace\phpworkspace\HeroTowerServer\framework\protocal\amf\core\amf\app\Filters.php(142): executionAction(Object(MessageBody))
#16 E:\workSpace\phpworkspace\HeroTowerServer\framework\protocal\amf\core\amf\app\Gateway.php(177): batchProcessFilter(Object(AMFObject))
#17 E:\workSpace\phpworkspace\HeroTowerServer\data\gateway.php(160): Gateway->service()
#18 {main}
[error][2014-07-31 20:11:57-98916700] database exception happens while execute sql, error_msg:ErrorMsg:Can not connect to MySQL server
Error: NULL
Errno: NULL
[error][2014-07-31 20:11:57-98977500] and the stack trace is as below:
#0 E:\workSpace\phpworkspace\HeroTowerServer\framework\database\drivers\MooMySQL.class.php(44): MooMySQL->errorMsg('Can not connect...')
#1 E:\workSpace\phpworkspace\HeroTowerServer\framework\database\DBHelper2.class.php(394): MooMySQL->connect(NULL, NULL, NULL, false, 'utf8', false)
#2 E:\workSpace\phpworkspace\HeroTowerServer\framework\database\DBHelper2.class.php(248): DBHelper2->getConnection()
#3 E:\workSpace\phpworkspace\HeroTowerServer\framework\db\request\TCGetRequest.class.php(19): DBHelper2->fetchOne('SELECT * from u...')
#4 E:\workSpace\phpworkspace\HeroTowerServer\framework\db\request\TCGetRequest.class.php(50): TCGetRequest->_exec('fetchOne')
#5 E:\workSpace\phpworkspace\HeroTowerServer\libgame\model\UidGameuidMapManager.class.php(16): TCGetRequest->fetchOne()
#6 E:\workSpace\phpworkspace\HeroTowerServer\libgame\actions\user\UserLoginCommand.php(9): UidGameuidMapManager->getGameuid('super_man_01')
#7 E:\workSpace\phpworkspace\HeroTowerServer\libgame\actions\GameActionBase.class.php(146): UserLoginCommand->_exec()
#8 E:\workSpace\phpworkspace\HeroTowerServer\framework\action\ActionInvoker.class.php(54): GameActionBase->execute(Array)
#9 E:\workSpace\phpworkspace\HeroTowerServer\data\services\common.php(92): ActionInvoker->invoke('user', 'UserLoginComman...', Array)
#10 E:\workSpace\phpworkspace\HeroTowerServer\data\services\BaseCommand.php(14): API_Base->invoke('callCommand', 'user', 'UserLoginComman...', Array)
#11 [internal function]: BaseCommand->callCommand(Array)
#12 E:\workSpace\phpworkspace\HeroTowerServer\framework\protocal\amf\core\shared\app\php5Executive.php(127): call_user_func_array(Array, Array)
#13 E:\workSpace\phpworkspace\HeroTowerServer\framework\protocal\amf\core\shared\app\php5Executive.php(59): Executive::deferredMethodCall(Object(MessageBody), Object(BaseCommand), 'callCommand', Array)
#14 E:\workSpace\phpworkspace\HeroTowerServer\framework\protocal\amf\core\amf\app\Actions.php(198): Executive::doMethodCall(Object(MessageBody), Object(BaseCommand), 'callCommand', Array)
#15 E:\workSpace\phpworkspace\HeroTowerServer\framework\protocal\amf\core\amf\app\Filters.php(142): executionAction(Object(MessageBody))
#16 E:\workSpace\phpworkspace\HeroTowerServer\framework\protocal\amf\core\amf\app\Gateway.php(177): batchProcessFilter(Object(AMFObject))
#17 E:\workSpace\phpworkspace\HeroTowerServer\data\gateway.php(160): Gateway->service()
#18 {main}
[error][2014-07-31 20:19:00-82657300] database exception happens while execute sql, error_msg:ErrorMsg:Can not connect to MySQL server
Error: NULL
Errno: NULL
[error][2014-07-31 20:19:00-82715000] and the stack trace is as below:
#0 E:\workSpace\phpworkspace\HeroTowerServer\framework\database\drivers\MooMySQL.class.php(44): MooMySQL->errorMsg('Can not connect...')
#1 E:\workSpace\phpworkspace\HeroTowerServer\framework\database\DBHelper2.class.php(394): MooMySQL->connect(NULL, NULL, NULL, false, 'utf8', false)
#2 E:\workSpace\phpworkspace\HeroTowerServer\framework\database\DBHelper2.class.php(248): DBHelper2->getConnection()
#3 E:\workSpace\phpworkspace\HeroTowerServer\framework\db\request\TCGetRequest.class.php(19): DBHelper2->fetchOne('SELECT * from u...')
#4 E:\workSpace\phpworkspace\HeroTowerServer\framework\db\request\TCGetRequest.class.php(50): TCGetRequest->_exec('fetchOne')
#5 E:\workSpace\phpworkspace\HeroTowerServer\libgame\model\UidGameuidMapManager.class.php(16): TCGetRequest->fetchOne()
#6 E:\workSpace\phpworkspace\HeroTowerServer\libgame\actions\user\UserLoginCommand.php(9): UidGameuidMapManager->getGameuid('super_man_01')
#7 E:\workSpace\phpworkspace\HeroTowerServer\libgame\actions\GameActionBase.class.php(146): UserLoginCommand->_exec()
#8 E:\workSpace\phpworkspace\HeroTowerServer\framework\action\ActionInvoker.class.php(54): GameActionBase->execute(Array)
#9 E:\workSpace\phpworkspace\HeroTowerServer\data\services\common.php(92): ActionInvoker->invoke('user', 'UserLoginComman...', Array)
#10 E:\workSpace\phpworkspace\HeroTowerServer\data\services\BaseCommand.php(14): API_Base->invoke('callCommand', 'user', 'UserLoginComman...', Array)
#11 [internal function]: BaseCommand->callCommand(Array)
#12 E:\workSpace\phpworkspace\HeroTowerServer\framework\protocal\amf\core\shared\app\php5Executive.php(127): call_user_func_array(Array, Array)
#13 E:\workSpace\phpworkspace\HeroTowerServer\framework\protocal\amf\core\shared\app\php5Executive.php(59): Executive::deferredMethodCall(Object(MessageBody), Object(BaseCommand), 'callCommand', Array)
#14 E:\workSpace\phpworkspace\HeroTowerServer\framework\protocal\amf\core\amf\app\Actions.php(198): Executive::doMethodCall(Object(MessageBody), Object(BaseCommand), 'callCommand', Array)
#15 E:\workSpace\phpworkspace\HeroTowerServer\framework\protocal\amf\core\amf\app\Filters.php(142): executionAction(Object(MessageBody))
#16 E:\workSpace\phpworkspace\HeroTowerServer\framework\protocal\amf\core\amf\app\Gateway.php(177): batchProcessFilter(Object(AMFObject))
#17 E:\workSpace\phpworkspace\HeroTowerServer\data\gateway.php(160): Gateway->service()
#18 {main}
[error][2014-07-31 20:22:11-43267000] database exception happens while execute sql, error_msg:ErrorMsg:Can not connect to MySQL server
Error: NULL
Errno: NULL
[error][2014-07-31 20:22:11-43318500] and the stack trace is as below:
#0 E:\workSpace\phpworkspace\HeroTowerServer\framework\database\drivers\MooMySQL.class.php(44): MooMySQL->errorMsg('Can not connect...')
#1 E:\workSpace\phpworkspace\HeroTowerServer\framework\database\DBHelper2.class.php(394): MooMySQL->connect(NULL, NULL, NULL, false, 'utf8', false)
#2 E:\workSpace\phpworkspace\HeroTowerServer\framework\database\DBHelper2.class.php(248): DBHelper2->getConnection()
#3 E:\workSpace\phpworkspace\HeroTowerServer\framework\db\request\TCGetRequest.class.php(19): DBHelper2->fetchOne('SELECT * from u...')
#4 E:\workSpace\phpworkspace\HeroTowerServer\framework\db\request\TCGetRequest.class.php(50): TCGetRequest->_exec('fetchOne')
#5 E:\workSpace\phpworkspace\HeroTowerServer\libgame\model\UidGameuidMapManager.class.php(16): TCGetRequest->fetchOne()
#6 E:\workSpace\phpworkspace\HeroTowerServer\libgame\actions\user\UserLoginCommand.php(9): UidGameuidMapManager->getGameuid('super_man_01')
#7 E:\workSpace\phpworkspace\HeroTowerServer\libgame\actions\GameActionBase.class.php(146): UserLoginCommand->_exec()
#8 E:\workSpace\phpworkspace\HeroTowerServer\framework\action\ActionInvoker.class.php(54): GameActionBase->execute(Array)
#9 E:\workSpace\phpworkspace\HeroTowerServer\data\services\common.php(92): ActionInvoker->invoke('user', 'UserLoginComman...', Array)
#10 E:\workSpace\phpworkspace\HeroTowerServer\data\services\BaseCommand.php(14): API_Base->invoke('callCommand', 'user', 'UserLoginComman...', Array)
#11 [internal function]: BaseCommand->callCommand(Array)
#12 E:\workSpace\phpworkspace\HeroTowerServer\framework\protocal\amf\core\shared\app\php5Executive.php(127): call_user_func_array(Array, Array)
#13 E:\workSpace\phpworkspace\HeroTowerServer\framework\protocal\amf\core\shared\app\php5Executive.php(59): Executive::deferredMethodCall(Object(MessageBody), Object(BaseCommand), 'callCommand', Array)
#14 E:\workSpace\phpworkspace\HeroTowerServer\framework\protocal\amf\core\amf\app\Actions.php(198): Executive::doMethodCall(Object(MessageBody), Object(BaseCommand), 'callCommand', Array)
#15 E:\workSpace\phpworkspace\HeroTowerServer\framework\protocal\amf\core\amf\app\Filters.php(142): executionAction(Object(MessageBody))
#16 E:\workSpace\phpworkspace\HeroTowerServer\framework\protocal\amf\core\amf\app\Gateway.php(177): batchProcessFilter(Object(AMFObject))
#17 E:\workSpace\phpworkspace\HeroTowerServer\data\gateway.php(160): Gateway->service()
#18 {main}
[error][2014-07-31 20:51:12-80332300] database exception happens while execute sql, error_msg:ErrorMsg:MySQL Query Error
SQL:INSERT INTO user_account_1 (exp,gem,coin,love,extend,crop_extend,sex,title,skill,name,gameuid) values(0,50,10000,0,0,0,0,,'2|5',1,1)
Error: 'You have an error in your SQL syntax; check the manual that corresponds to your MySQL server version for the right syntax to use near \'\'2|5\',1,1)\' at line 1'
Errno: 1064
[error][2014-07-31 20:51:12-80381600] and the stack trace is as below:
#0 E:\workSpace\phpworkspace\HeroTowerServer\framework\database\drivers\MooMySQL.class.php(98): MooMySQL->errorMsg('MySQL Query Err...', 'INSERT INTO use...')
#1 E:\workSpace\phpworkspace\HeroTowerServer\framework\database\DBHelper2.class.php(130): MooMySQL->query('INSERT INTO use...')
#2 E:\workSpace\phpworkspace\HeroTowerServer\framework\db\request\TCInsertRequest.class.php(38): DBHelper2->executeNonQuery('INSERT INTO use...')
#3 E:\workSpace\phpworkspace\HeroTowerServer\framework\db\request\TCInsertRequest.class.php(9): TCInsertRequest->_exec()
#4 E:\workSpace\phpworkspace\HeroTowerServer\libgame\model\ManagerBase.class.php(98): TCInsertRequest->execute()
#5 E:\workSpace\phpworkspace\HeroTowerServer\libgame\model\UserAccountManager.class.php(169): ManagerBase->insertDB(Array)
#6 E:\workSpace\phpworkspace\HeroTowerServer\libgame\actions\user\UserLoginCommand.php(76): UserAccountManager->createUserAccount(1, Array)
#7 E:\workSpace\phpworkspace\HeroTowerServer\libgame\actions\user\UserLoginCommand.php(25): UserLoginCommand->init(1)
#8 E:\workSpace\phpworkspace\HeroTowerServer\libgame\actions\GameActionBase.class.php(146): UserLoginCommand->_exec()
#9 E:\workSpace\phpworkspace\HeroTowerServer\framework\action\ActionInvoker.class.php(54): GameActionBase->execute(Array)
#10 E:\workSpace\phpworkspace\HeroTowerServer\data\services\common.php(92): ActionInvoker->invoke('user', 'UserLoginComman...', Array)
#11 E:\workSpace\phpworkspace\HeroTowerServer\data\services\BaseCommand.php(14): API_Base->invoke('callCommand', 'user', 'UserLoginComman...', Array)
#12 [internal function]: BaseCommand->callCommand(Array)
#13 E:\workSpace\phpworkspace\HeroTowerServer\framework\protocal\amf\core\shared\app\php5Executive.php(127): call_user_func_array(Array, Array)
#14 E:\workSpace\phpworkspace\HeroTowerServer\framework\protocal\amf\core\shared\app\php5Executive.php(59): Executive::deferredMethodCall(Object(MessageBody), Object(BaseCommand), 'callCommand', Array)
#15 E:\workSpace\phpworkspace\HeroTowerServer\framework\protocal\amf\core\amf\app\Actions.php(198): Executive::doMethodCall(Object(MessageBody), Object(BaseCommand), 'callCommand', Array)
#16 E:\workSpace\phpworkspace\HeroTowerServer\framework\protocal\amf\core\amf\app\Filters.php(142): executionAction(Object(MessageBody))
#17 E:\workSpace\phpworkspace\HeroTowerServer\framework\protocal\amf\core\amf\app\Gateway.php(177): batchProcessFilter(Object(AMFObject))
#18 E:\workSpace\phpworkspace\HeroTowerServer\data\gateway.php(160): Gateway->service()
#19 {main}
[error][2014-07-31 20:52:53-55889700] database exception happens while execute sql, error_msg:ErrorMsg:MySQL Query Error
SQL:SELECT characteruid,exp from character_account_10  where 1=1  AND characteruid=10
Error: 'Table \'herotower.character_account_10\' doesn\'t exist'
Errno: 1146
[error][2014-07-31 20:52:53-55934900] and the stack trace is as below:
#0 E:\workSpace\phpworkspace\HeroTowerServer\framework\database\drivers\MooMySQL.class.php(98): MooMySQL->errorMsg('MySQL Query Err...', 'SELECT characte...')
#1 E:\workSpace\phpworkspace\HeroTowerServer\framework\database\drivers\MooMySQL.class.php(206): MooMySQL->query('SELECT characte...')
#2 E:\workSpace\phpworkspace\HeroTowerServer\framework\database\DBHelper2.class.php(248): MooMySQL->getOne('SELECT characte...')
#3 E:\workSpace\phpworkspace\HeroTowerServer\framework\db\request\TCGetRequest.class.php(19): DBHelper2->fetchOne('SELECT characte...')
#4 E:\workSpace\phpworkspace\HeroTowerServer\framework\db\request\TCGetRequest.class.php(50): TCGetRequest->_exec('fetchOne')
#5 E:\workSpace\phpworkspace\HeroTowerServer\libgame\model\ManagerBase.class.php(139): TCGetRequest->fetchOne()
#6 E:\workSpace\phpworkspace\HeroTowerServer\libgame\model\CharacterAccountManager.class.php(19): ManagerBase->getFromDb(10, Array)
#7 E:\workSpace\phpworkspace\HeroTowerServer\libgame\actions\user\UserLoginCommand.php(33): CharacterAccountManager->getCharacterAccount(10)
#8 E:\workSpace\phpworkspace\HeroTowerServer\libgame\actions\GameActionBase.class.php(146): UserLoginCommand->_exec()
#9 E:\workSpace\phpworkspace\HeroTowerServer\framework\action\ActionInvoker.class.php(54): GameActionBase->execute(Array)
#10 E:\workSpace\phpworkspace\HeroTowerServer\data\services\common.php(92): ActionInvoker->invoke('user', 'UserLoginComman...', Array)
#11 E:\workSpace\phpworkspace\HeroTowerServer\data\services\BaseCommand.php(14): API_Base->invoke('callCommand', 'user', 'UserLoginComman...', Array)
#12 [internal function]: BaseCommand->callCommand(Array)
#13 E:\workSpace\phpworkspace\HeroTowerServer\framework\protocal\amf\core\shared\app\php5Executive.php(127): call_user_func_array(Array, Array)
#14 E:\workSpace\phpworkspace\HeroTowerServer\framework\protocal\amf\core\shared\app\php5Executive.php(59): Executive::deferredMethodCall(Object(MessageBody), Object(BaseCommand), 'callCommand', Array)
#15 E:\workSpace\phpworkspace\HeroTowerServer\framework\protocal\amf\core\amf\app\Actions.php(198): Executive::doMethodCall(Object(MessageBody), Object(BaseCommand), 'callCommand', Array)
#16 E:\workSpace\phpworkspace\HeroTowerServer\framework\protocal\amf\core\amf\app\Filters.php(142): executionAction(Object(MessageBody))
#17 E:\workSpace\phpworkspace\HeroTowerServer\framework\protocal\amf\core\amf\app\Gateway.php(177): batchProcessFilter(Object(AMFObject))
#18 E:\workSpace\phpworkspace\HeroTowerServer\data\gateway.php(160): Gateway->service()
#19 {main}
[error][2014-07-31 20:54:15-44675000] database exception happens while execute sql, error_msg:ErrorMsg:MySQL Query Error
SQL:SELECT gameuid,coin,gem,login from user_account_1  where 1=1  AND gameuid=1
Error: 'Table \'herotower.user_account_1\' doesn\'t exist'
Errno: 1146
[error][2014-07-31 20:54:15-44737300] and the stack trace is as below:
#0 E:\workSpace\phpworkspace\HeroTowerServer\framework\database\drivers\MooMySQL.class.php(98): MooMySQL->errorMsg('MySQL Query Err...', 'SELECT gameuid,...')
#1 E:\workSpace\phpworkspace\HeroTowerServer\framework\database\drivers\MooMySQL.class.php(206): MooMySQL->query('SELECT gameuid,...')
#2 E:\workSpace\phpworkspace\HeroTowerServer\framework\database\DBHelper2.class.php(248): MooMySQL->getOne('SELECT gameuid,...')
#3 E:\workSpace\phpworkspace\HeroTowerServer\framework\db\request\TCGetRequest.class.php(19): DBHelper2->fetchOne('SELECT gameuid,...')
#4 E:\workSpace\phpworkspace\HeroTowerServer\framework\db\request\TCGetRequest.class.php(50): TCGetRequest->_exec('fetchOne')
#5 E:\workSpace\phpworkspace\HeroTowerServer\libgame\model\ManagerBase.class.php(139): TCGetRequest->fetchOne()
#6 E:\workSpace\phpworkspace\HeroTowerServer\libgame\model\UserAccountManager.class.php(19): ManagerBase->getFromDb(1, Array)
#7 E:\workSpace\phpworkspace\HeroTowerServer\libgame\actions\user\UserLoginCommand.php(44): UserAccountManager->getUserAccount(1)
#8 E:\workSpace\phpworkspace\HeroTowerServer\libgame\actions\GameActionBase.class.php(146): UserLoginCommand->_exec()
#9 E:\workSpace\phpworkspace\HeroTowerServer\framework\action\ActionInvoker.class.php(54): GameActionBase->execute(Array)
#10 E:\workSpace\phpworkspace\HeroTowerServer\data\services\common.php(92): ActionInvoker->invoke('user', 'UserLoginComman...', Array)
#11 E:\workSpace\phpworkspace\HeroTowerServer\data\services\BaseCommand.php(14): API_Base->invoke('callCommand', 'user', 'UserLoginComman...', Array)
#12 [internal function]: BaseCommand->callCommand(Array)
#13 E:\workSpace\phpworkspace\HeroTowerServer\framework\protocal\amf\core\shared\app\php5Executive.php(127): call_user_func_array(Array, Array)
#14 E:\workSpace\phpworkspace\HeroTowerServer\framework\protocal\amf\core\shared\app\php5Executive.php(59): Executive::deferredMethodCall(Object(MessageBody), Object(BaseCommand), 'callCommand', Array)
#15 E:\workSpace\phpworkspace\HeroTowerServer\framework\protocal\amf\core\amf\app\Actions.php(198): Executive::doMethodCall(Object(MessageBody), Object(BaseCommand), 'callCommand', Array)
#16 E:\workSpace\phpworkspace\HeroTowerServer\framework\protocal\amf\core\amf\app\Filters.php(142): executionAction(Object(MessageBody))
#17 E:\workSpace\phpworkspace\HeroTowerServer\framework\protocal\amf\core\amf\app\Gateway.php(177): batchProcessFilter(Object(AMFObject))
#18 E:\workSpace\phpworkspace\HeroTowerServer\data\gateway.php(160): Gateway->service()
#19 {main}
[error][2014-07-31 20:56:19-99495900] database exception happens while execute sql, error_msg:ErrorMsg:MySQL Query Error
SQL:SELECT gameuid,coin,gem,login from user_account_1  where 1=1  AND gameuid=1
Error: 'Table \'herotower.user_account_1\' doesn\'t exist'
Errno: 1146
[error][2014-07-31 20:56:19-99549100] and the stack trace is as below:
#0 E:\workSpace\phpworkspace\HeroTowerServer\framework\database\drivers\MooMySQL.class.php(98): MooMySQL->errorMsg('MySQL Query Err...', 'SELECT gameuid,...')
#1 E:\workSpace\phpworkspace\HeroTowerServer\framework\database\drivers\MooMySQL.class.php(206): MooMySQL->query('SELECT gameuid,...')
#2 E:\workSpace\phpworkspace\HeroTowerServer\framework\database\DBHelper2.class.php(248): MooMySQL->getOne('SELECT gameuid,...')
#3 E:\workSpace\phpworkspace\HeroTowerServer\framework\db\request\TCGetRequest.class.php(19): DBHelper2->fetchOne('SELECT gameuid,...')
#4 E:\workSpace\phpworkspace\HeroTowerServer\framework\db\request\TCGetRequest.class.php(50): TCGetRequest->_exec('fetchOne')
#5 E:\workSpace\phpworkspace\HeroTowerServer\libgame\model\ManagerBase.class.php(139): TCGetRequest->fetchOne()
#6 E:\workSpace\phpworkspace\HeroTowerServer\libgame\model\UserAccountManager.class.php(19): ManagerBase->getFromDb(1, Array)
#7 E:\workSpace\phpworkspace\HeroTowerServer\libgame\actions\user\UserLoginCommand.php(44): UserAccountManager->getUserAccount(1)
#8 E:\workSpace\phpworkspace\HeroTowerServer\libgame\actions\GameActionBase.class.php(146): UserLoginCommand->_exec()
#9 E:\workSpace\phpworkspace\HeroTowerServer\framework\action\ActionInvoker.class.php(54): GameActionBase->execute(Array)
#10 E:\workSpace\phpworkspace\HeroTowerServer\data\services\common.php(92): ActionInvoker->invoke('user', 'UserLoginComman...', Array)
#11 E:\workSpace\phpworkspace\HeroTowerServer\data\services\BaseCommand.php(14): API_Base->invoke('callCommand', 'user', 'UserLoginComman...', Array)
#12 [internal function]: BaseCommand->callCommand(Array)
#13 E:\workSpace\phpworkspace\HeroTowerServer\framework\protocal\amf\core\shared\app\php5Executive.php(127): call_user_func_array(Array, Array)
#14 E:\workSpace\phpworkspace\HeroTowerServer\framework\protocal\amf\core\shared\app\php5Executive.php(59): Executive::deferredMethodCall(Object(MessageBody), Object(BaseCommand), 'callCommand', Array)
#15 E:\workSpace\phpworkspace\HeroTowerServer\framework\protocal\amf\core\amf\app\Actions.php(198): Executive::doMethodCall(Object(MessageBody), Object(BaseCommand), 'callCommand', Array)
#16 E:\workSpace\phpworkspace\HeroTowerServer\framework\protocal\amf\core\amf\app\Filters.php(142): executionAction(Object(MessageBody))
#17 E:\workSpace\phpworkspace\HeroTowerServer\framework\protocal\amf\core\amf\app\Gateway.php(177): batchProcessFilter(Object(AMFObject))
#18 E:\workSpace\phpworkspace\HeroTowerServer\data\gateway.php(160): Gateway->service()
#19 {main}
[error][2014-07-31 21:00:34-4917200] database exception happens while execute sql, error_msg:ErrorMsg:MySQL Query Error
SQL:INSERT INTO user_account_1 (gem,coin,name,gameuid) values(50,10000,1,1)
Error: 'Unknown column \'name\' in \'field list\''
Errno: 1054
[error][2014-07-31 21:00:34-4968900] and the stack trace is as below:
#0 E:\workSpace\phpworkspace\HeroTowerServer\framework\database\drivers\MooMySQL.class.php(98): MooMySQL->errorMsg('MySQL Query Err...', 'INSERT INTO use...')
#1 E:\workSpace\phpworkspace\HeroTowerServer\framework\database\DBHelper2.class.php(130): MooMySQL->query('INSERT INTO use...')
#2 E:\workSpace\phpworkspace\HeroTowerServer\framework\db\request\TCInsertRequest.class.php(38): DBHelper2->executeNonQuery('INSERT INTO use...')
#3 E:\workSpace\phpworkspace\HeroTowerServer\framework\db\request\TCInsertRequest.class.php(9): TCInsertRequest->_exec()
#4 E:\workSpace\phpworkspace\HeroTowerServer\libgame\model\ManagerBase.class.php(98): TCInsertRequest->execute()
#5 E:\workSpace\phpworkspace\HeroTowerServer\libgame\model\UserAccountManager.class.php(169): ManagerBase->insertDB(Array)
#6 E:\workSpace\phpworkspace\HeroTowerServer\libgame\actions\user\UserLoginCommand.php(76): UserAccountManager->createUserAccount(1, Array)
#7 E:\workSpace\phpworkspace\HeroTowerServer\libgame\actions\user\UserLoginCommand.php(25): UserLoginCommand->init(1)
#8 E:\workSpace\phpworkspace\HeroTowerServer\libgame\actions\GameActionBase.class.php(146): UserLoginCommand->_exec()
#9 E:\workSpace\phpworkspace\HeroTowerServer\framework\action\ActionInvoker.class.php(54): GameActionBase->execute(Array)
#10 E:\workSpace\phpworkspace\HeroTowerServer\data\services\common.php(92): ActionInvoker->invoke('user', 'UserLoginComman...', Array)
#11 E:\workSpace\phpworkspace\HeroTowerServer\data\services\BaseCommand.php(14): API_Base->invoke('callCommand', 'user', 'UserLoginComman...', Array)
#12 [internal function]: BaseCommand->callCommand(Array)
#13 E:\workSpace\phpworkspace\HeroTowerServer\framework\protocal\amf\core\shared\app\php5Executive.php(127): call_user_func_array(Array, Array)
#14 E:\workSpace\phpworkspace\HeroTowerServer\framework\protocal\amf\core\shared\app\php5Executive.php(59): Executive::deferredMethodCall(Object(MessageBody), Object(BaseCommand), 'callCommand', Array)
#15 E:\workSpace\phpworkspace\HeroTowerServer\framework\protocal\amf\core\amf\app\Actions.php(198): Executive::doMethodCall(Object(MessageBody), Object(BaseCommand), 'callCommand', Array)
#16 E:\workSpace\phpworkspace\HeroTowerServer\framework\protocal\amf\core\amf\app\Filters.php(142): executionAction(Object(MessageBody))
#17 E:\workSpace\phpworkspace\HeroTowerServer\framework\protocal\amf\core\amf\app\Gateway.php(177): batchProcessFilter(Object(AMFObject))
#18 E:\workSpace\phpworkspace\HeroTowerServer\data\gateway.php(160): Gateway->service()
#19 {main}
[error][2014-07-31 21:02:01-81854200] database exception happens while execute sql, error_msg:ErrorMsg:MySQL Query Error
SQL:INSERT INTO user_account_1 (gem,coin,name,gameuid) values(50,10000,1,1)
Error: 'Unknown column \'name\' in \'field list\''
Errno: 1054
[error][2014-07-31 21:02:01-81911800] and the stack trace is as below:
#0 E:\workSpace\phpworkspace\HeroTowerServer\framework\database\drivers\MooMySQL.class.php(98): MooMySQL->errorMsg('MySQL Query Err...', 'INSERT INTO use...')
#1 E:\workSpace\phpworkspace\HeroTowerServer\framework\database\DBHelper2.class.php(130): MooMySQL->query('INSERT INTO use...')
#2 E:\workSpace\phpworkspace\HeroTowerServer\framework\db\request\TCInsertRequest.class.php(38): DBHelper2->executeNonQuery('INSERT INTO use...')
#3 E:\workSpace\phpworkspace\HeroTowerServer\framework\db\request\TCInsertRequest.class.php(9): TCInsertRequest->_exec()
#4 E:\workSpace\phpworkspace\HeroTowerServer\libgame\model\ManagerBase.class.php(98): TCInsertRequest->execute()
#5 E:\workSpace\phpworkspace\HeroTowerServer\libgame\model\UserAccountManager.class.php(169): ManagerBase->insertDB(Array)
#6 E:\workSpace\phpworkspace\HeroTowerServer\libgame\actions\user\UserLoginCommand.php(76): UserAccountManager->createUserAccount(1, Array)
#7 E:\workSpace\phpworkspace\HeroTowerServer\libgame\actions\user\UserLoginCommand.php(25): UserLoginCommand->init(1)
#8 E:\workSpace\phpworkspace\HeroTowerServer\libgame\actions\GameActionBase.class.php(146): UserLoginCommand->_exec()
#9 E:\workSpace\phpworkspace\HeroTowerServer\framework\action\ActionInvoker.class.php(54): GameActionBase->execute(Array)
#10 E:\workSpace\phpworkspace\HeroTowerServer\data\services\common.php(92): ActionInvoker->invoke('user', 'UserLoginComman...', Array)
#11 E:\workSpace\phpworkspace\HeroTowerServer\data\services\BaseCommand.php(14): API_Base->invoke('callCommand', 'user', 'UserLoginComman...', Array)
#12 [internal function]: BaseCommand->callCommand(Array)
#13 E:\workSpace\phpworkspace\HeroTowerServer\framework\protocal\amf\core\shared\app\php5Executive.php(127): call_user_func_array(Array, Array)
#14 E:\workSpace\phpworkspace\HeroTowerServer\framework\protocal\amf\core\shared\app\php5Executive.php(59): Executive::deferredMethodCall(Object(MessageBody), Object(BaseCommand), 'callCommand', Array)
#15 E:\workSpace\phpworkspace\HeroTowerServer\framework\protocal\amf\core\amf\app\Actions.php(198): Executive::doMethodCall(Object(MessageBody), Object(BaseCommand), 'callCommand', Array)
#16 E:\workSpace\phpworkspace\HeroTowerServer\framework\protocal\amf\core\amf\app\Filters.php(142): executionAction(Object(MessageBody))
#17 E:\workSpace\phpworkspace\HeroTowerServer\framework\protocal\amf\core\amf\app\Gateway.php(177): batchProcessFilter(Object(AMFObject))
#18 E:\workSpace\phpworkspace\HeroTowerServer\data\gateway.php(160): Gateway->service()
#19 {main}
