[error][2015-06-23 14:09:19-56698500] database exception happens while execute sql, error_msg:ErrorMsg:MySQL Query Error
SQL:INSERT INTO user_trade (gameuid,product_id,platform,orderId,purchaseState,purchasetime,status) values(1,'middleCoin','andriod','1435039759',0,1420546046853,1)
Error: 'Duplicate entry \'0\' for key \'PRIMARY\''
Errno: 1062
[error][2015-06-23 14:09:19-56864000] and the stack trace is as below:
#0 E:\workSpace\MyWeb\project\HeroTowerServer\framework\database\drivers\MooMySQL.class.php(98): MooMySQL->errorMsg('MySQL Query Err...', 'INSERT INTO use...')
#1 E:\workSpace\MyWeb\project\HeroTowerServer\framework\database\DBHelper2.class.php(130): MooMySQL->query('INSERT INTO use...')
#2 E:\workSpace\MyWeb\project\HeroTowerServer\framework\db\request\TCInsertRequest.class.php(38): DBHelper2->executeNonQuery('INSERT INTO use...')
#3 E:\workSpace\MyWeb\project\HeroTowerServer\framework\db\request\TCInsertRequest.class.php(9): TCInsertRequest->_exec()
#4 E:\workSpace\MyWeb\project\HeroTowerServer\libgame\model\ManagerBase.class.php(98): TCInsertRequest->execute()
#5 E:\workSpace\MyWeb\project\HeroTowerServer\libgame\model\TradeLogManager.class.php(27): ManagerBase->insertDB(Array)
#6 E:\workSpace\MyWeb\project\HeroTowerServer\libgame\actions\pay\GooglePayForGems.php(94): TradeLogManager->insert(Array)
#7 E:\workSpace\MyWeb\project\HeroTowerServer\libgame\actions\GameActionBase.class.php(85): GooglePayForGems->_exec()
#8 E:\workSpace\MyWeb\project\HeroTowerServer\framework\action\ActionInvoker.class.php(54): GameActionBase->execute(Array)
#9 E:\workSpace\MyWeb\project\HeroTowerServer\data\services\common.php(92): ActionInvoker->invoke('pay', 'GooglePayForGem...', Array)
#10 E:\workSpace\MyWeb\project\HeroTowerServer\data\services\BaseCommand.php(14): API_Base->invoke('callCommand', 'pay', 'GooglePayForGem...', Array)
#11 [internal function]: BaseCommand->callCommand(Array)
#12 E:\workSpace\MyWeb\project\HeroTowerServer\framework\protocal\amf\core\shared\app\php5Executive.php(127): call_user_func_array(Array, Array)
#13 E:\workSpace\MyWeb\project\HeroTowerServer\framework\protocal\amf\core\shared\app\php5Executive.php(59): Executive::deferredMethodCall(Object(MessageBody), Object(BaseCommand), 'callCommand', Array)
#14 E:\workSpace\MyWeb\project\HeroTowerServer\framework\protocal\amf\core\amf\app\Actions.php(198): Executive::doMethodCall(Object(MessageBody), Object(BaseCommand), 'callCommand', Array)
#15 E:\workSpace\MyWeb\project\HeroTowerServer\framework\protocal\amf\core\amf\app\Filters.php(142): executionAction(Object(MessageBody))
#16 E:\workSpace\MyWeb\project\HeroTowerServer\framework\protocal\amf\core\amf\app\Gateway.php(177): batchProcessFilter(Object(AMFObject))
#17 E:\workSpace\MyWeb\project\HeroTowerServer\data\gateway.php(160): Gateway->service()
#18 {main}
[error][2015-06-23 22:47:29-14119500] game exception happens while execute action:INFO[gameuid=1,code:1011]	message:INFO[gameuid=1,code:1011]	message:power is not enough ,cur power p
[error][2015-06-23 22:48:04-44311600] game exception happens while execute action:INFO[gameuid=1,code:1011]	message:INFO[gameuid=1,code:1011]	message:power is not enough ,cur power p
[error][2015-06-23 22:52:03-81534600] game exception happens while execute action:INFO[gameuid=1,code:1011]	message:INFO[gameuid=1,code:1011]	message:power is not enough ,cur power p
[error][2015-06-23 22:53:21-42977600] game exception happens while execute action:INFO[gameuid=1,code:1011]	message:INFO[gameuid=1,code:1011]	message:power is not enough ,cur power p , power : ,time : 
